{"/home/travis/build/npmtest/node-npmtest-mousetrap/test.js":{"path":"/home/travis/build/npmtest/node-npmtest-mousetrap/test.js","s":{"1":2,"2":2,"3":2,"4":2,"5":2,"6":2,"7":2,"8":1,"9":2,"10":2,"11":1,"12":1,"13":1,"14":1,"15":2,"16":2,"17":2,"18":2,"19":1,"20":1,"21":2,"22":2,"23":2,"24":1,"25":1,"26":1,"27":1,"28":1,"29":1,"30":1,"31":1,"32":1,"33":1,"34":1,"35":1,"36":1,"37":2,"38":2,"39":1,"40":2,"41":2,"42":1,"43":2,"44":2,"45":1,"46":2,"47":2,"48":1,"49":1,"50":1,"51":1,"52":1},"b":{"1":[2,1,1,1],"2":[1,1,1,1],"3":[1,1],"4":[1,1],"5":[1,1],"6":[1,1],"7":[1,1],"8":[1,1],"9":[1,1,1],"10":[1,1],"11":[1,1],"12":[1,1],"13":[1,1],"14":[1,1],"15":[1,1],"16":[1,1]},"f":{"1":2,"2":2,"3":2,"4":2,"5":2,"6":1,"7":1,"8":2,"9":2,"10":2,"11":2,"12":1},"fnMap":{"1":{"name":"(anonymous_1)","line":12,"loc":{"start":{"line":12,"column":1},"end":{"line":12,"column":13}}},"2":{"name":"(anonymous_2)","line":19,"loc":{"start":{"line":19,"column":5},"end":{"line":19,"column":17}}},"3":{"name":"(anonymous_3)","line":23,"loc":{"start":{"line":23,"column":24},"end":{"line":23,"column":36}}},"4":{"name":"(anonymous_4)","line":61,"loc":{"start":{"line":61,"column":5},"end":{"line":61,"column":17}}},"5":{"name":"(anonymous_5)","line":82,"loc":{"start":{"line":82,"column":5},"end":{"line":82,"column":17}}},"6":{"name":"(anonymous_6)","line":102,"loc":{"start":{"line":102,"column":83},"end":{"line":105,"column":10}},"skip":true},"7":{"name":"(anonymous_7)","line":113,"loc":{"start":{"line":113,"column":77},"end":{"line":116,"column":10}},"skip":true},"8":{"name":"(anonymous_8)","line":129,"loc":{"start":{"line":129,"column":12},"end":{"line":129,"column":40}},"skip":true},"9":{"name":"(anonymous_9)","line":137,"loc":{"start":{"line":137,"column":77},"end":{"line":140,"column":10}},"skip":true},"10":{"name":"(anonymous_10)","line":148,"loc":{"start":{"line":148,"column":83},"end":{"line":151,"column":10}},"skip":true},"11":{"name":"(anonymous_11)","line":159,"loc":{"start":{"line":159,"column":79},"end":{"line":162,"column":10}},"skip":true},"12":{"name":"(anonymous_12)","line":170,"loc":{"start":{"line":170,"column":75},"end":{"line":173,"column":10}},"skip":true}},"statementMap":{"1":{"start":{"line":12,"column":0},"end":{"line":185,"column":5}},"2":{"start":{"line":14,"column":4},"end":{"line":14,"column":14}},"3":{"start":{"line":19,"column":4},"end":{"line":56,"column":9}},"4":{"start":{"line":21,"column":8},"end":{"line":21,"column":19}},"5":{"start":{"line":23,"column":8},"end":{"line":35,"column":13}},"6":{"start":{"line":24,"column":12},"end":{"line":34,"column":13}},"7":{"start":{"line":25,"column":16},"end":{"line":28,"column":30}},"8":{"start":{"line":30,"column":16},"end":{"line":33,"column":27}},"9":{"start":{"line":37,"column":8},"end":{"line":39,"column":21}},"10":{"start":{"line":40,"column":8},"end":{"line":53,"column":9}},"11":{"start":{"line":43,"column":12},"end":{"line":46,"column":14}},"12":{"start":{"line":47,"column":12},"end":{"line":47,"column":18}},"13":{"start":{"line":50,"column":12},"end":{"line":51,"column":46}},"14":{"start":{"line":52,"column":12},"end":{"line":52,"column":18}},"15":{"start":{"line":55,"column":8},"end":{"line":55,"column":35}},"16":{"start":{"line":61,"column":4},"end":{"line":63,"column":9}},"17":{"start":{"line":62,"column":8},"end":{"line":62,"column":15}},"18":{"start":{"line":64,"column":4},"end":{"line":77,"column":5}},"19":{"start":{"line":70,"column":8},"end":{"line":70,"column":14}},"20":{"start":{"line":76,"column":8},"end":{"line":76,"column":14}},"21":{"start":{"line":82,"column":4},"end":{"line":84,"column":9}},"22":{"start":{"line":83,"column":8},"end":{"line":83,"column":15}},"23":{"start":{"line":85,"column":4},"end":{"line":184,"column":5}},"24":{"start":{"line":92,"column":8},"end":{"line":94,"column":63}},"25":{"start":{"line":95,"column":8},"end":{"line":95,"column":14}},"26":{"start":{"line":102,"column":8},"end":{"line":111,"column":10},"skip":true},"27":{"start":{"line":109,"column":12},"end":{"line":109,"column":55},"skip":true},"28":{"start":{"line":110,"column":12},"end":{"line":110,"column":48},"skip":true},"29":{"start":{"line":113,"column":8},"end":{"line":126,"column":10},"skip":true},"30":{"start":{"line":120,"column":12},"end":{"line":120,"column":76},"skip":true},"31":{"start":{"line":121,"column":12},"end":{"line":121,"column":73},"skip":true},"32":{"start":{"line":122,"column":12},"end":{"line":122,"column":74},"skip":true},"33":{"start":{"line":123,"column":12},"end":{"line":123,"column":79},"skip":true},"34":{"start":{"line":124,"column":12},"end":{"line":124,"column":25},"skip":true},"35":{"start":{"line":125,"column":12},"end":{"line":125,"column":45},"skip":true},"36":{"start":{"line":128,"column":8},"end":{"line":135,"column":14},"skip":true},"37":{"start":{"line":133,"column":16},"end":{"line":133,"column":29},"skip":true},"38":{"start":{"line":134,"column":16},"end":{"line":134,"column":55},"skip":true},"39":{"start":{"line":137,"column":8},"end":{"line":146,"column":10},"skip":true},"40":{"start":{"line":144,"column":12},"end":{"line":144,"column":25},"skip":true},"41":{"start":{"line":145,"column":12},"end":{"line":145,"column":45},"skip":true},"42":{"start":{"line":148,"column":8},"end":{"line":157,"column":10},"skip":true},"43":{"start":{"line":155,"column":12},"end":{"line":155,"column":25},"skip":true},"44":{"start":{"line":156,"column":12},"end":{"line":156,"column":48},"skip":true},"45":{"start":{"line":159,"column":8},"end":{"line":168,"column":10},"skip":true},"46":{"start":{"line":166,"column":12},"end":{"line":166,"column":25},"skip":true},"47":{"start":{"line":167,"column":12},"end":{"line":167,"column":46},"skip":true},"48":{"start":{"line":170,"column":8},"end":{"line":179,"column":10},"skip":true},"49":{"start":{"line":177,"column":12},"end":{"line":177,"column":94},"skip":true},"50":{"start":{"line":178,"column":12},"end":{"line":178,"column":48},"skip":true},"51":{"start":{"line":182,"column":8},"end":{"line":182,"column":35},"skip":true},"52":{"start":{"line":183,"column":8},"end":{"line":183,"column":14},"skip":true}},"branchMap":{"1":{"line":25,"type":"binary-expr","locations":[{"start":{"line":25,"column":23},"end":{"line":25,"column":62}},{"start":{"line":26,"column":20},"end":{"line":26,"column":70}},{"start":{"line":27,"column":20},"end":{"line":27,"column":71}},{"start":{"line":28,"column":20},"end":{"line":28,"column":29}}]},"2":{"line":30,"type":"binary-expr","locations":[{"start":{"line":30,"column":23},"end":{"line":30,"column":37}},{"start":{"line":31,"column":20},"end":{"line":31,"column":61}},{"start":{"line":32,"column":20},"end":{"line":32,"column":70}},{"start":{"line":33,"column":20},"end":{"line":33,"column":26}}]},"3":{"line":37,"type":"cond-expr","locations":[{"start":{"line":38,"column":14},"end":{"line":38,"column":20}},{"start":{"line":39,"column":14},"end":{"line":39,"column":20}}]},"4":{"line":40,"type":"switch","locations":[{"start":{"line":42,"column":8},"end":{"line":47,"column":18}},{"start":{"line":49,"column":8},"end":{"line":52,"column":18}}]},"5":{"line":44,"type":"binary-expr","locations":[{"start":{"line":44,"column":16},"end":{"line":44,"column":44}},{"start":{"line":44,"column":48},"end":{"line":44,"column":66}}]},"6":{"line":50,"type":"binary-expr","locations":[{"start":{"line":50,"column":21},"end":{"line":50,"column":49}},{"start":{"line":50,"column":53},"end":{"line":50,"column":72}}]},"7":{"line":64,"type":"switch","locations":[{"start":{"line":69,"column":4},"end":{"line":70,"column":14}},{"start":{"line":75,"column":4},"end":{"line":76,"column":14}}]},"8":{"line":85,"type":"switch","locations":[{"start":{"line":90,"column":4},"end":{"line":95,"column":14}},{"start":{"line":101,"column":4},"end":{"line":183,"column":14},"skip":true}]},"9":{"line":92,"type":"binary-expr","locations":[{"start":{"line":92,"column":18},"end":{"line":92,"column":32}},{"start":{"line":93,"column":12},"end":{"line":93,"column":53}},{"start":{"line":94,"column":12},"end":{"line":94,"column":61}}]},"10":{"line":102,"type":"binary-expr","locations":[{"start":{"line":102,"column":45},"end":{"line":102,"column":79},"skip":true},{"start":{"line":102,"column":83},"end":{"line":111,"column":9},"skip":true}]},"11":{"line":113,"type":"binary-expr","locations":[{"start":{"line":113,"column":42},"end":{"line":113,"column":73},"skip":true},{"start":{"line":113,"column":77},"end":{"line":126,"column":9},"skip":true}]},"12":{"line":128,"type":"binary-expr","locations":[{"start":{"line":128,"column":48},"end":{"line":128,"column":85},"skip":true},{"start":{"line":129,"column":12},"end":{"line":135,"column":13},"skip":true}]},"13":{"line":137,"type":"binary-expr","locations":[{"start":{"line":137,"column":42},"end":{"line":137,"column":73},"skip":true},{"start":{"line":137,"column":77},"end":{"line":146,"column":9},"skip":true}]},"14":{"line":148,"type":"binary-expr","locations":[{"start":{"line":148,"column":45},"end":{"line":148,"column":79},"skip":true},{"start":{"line":148,"column":83},"end":{"line":157,"column":9},"skip":true}]},"15":{"line":159,"type":"binary-expr","locations":[{"start":{"line":159,"column":43},"end":{"line":159,"column":75},"skip":true},{"start":{"line":159,"column":79},"end":{"line":168,"column":9},"skip":true}]},"16":{"line":170,"type":"binary-expr","locations":[{"start":{"line":170,"column":41},"end":{"line":170,"column":71},"skip":true},{"start":{"line":170,"column":75},"end":{"line":179,"column":9},"skip":true}]}},"code":["/* istanbul instrument in package npmtest_mousetrap */","/*jslint","    bitwise: true,","    browser: true,","    maxerr: 8,","    maxlen: 96,","    node: true,","    nomen: true,","    regexp: true,","    stupid: true","*/","(function () {","    'use strict';","    var local;","","","","    // run shared js-env code - pre-init","    (function () {","        // init local","        local = {};","        // init modeJs","        local.modeJs = (function () {","            try {","                return typeof navigator.userAgent === 'string' &&","                    typeof document.querySelector('body') === 'object' &&","                    typeof XMLHttpRequest.prototype.open === 'function' &&","                    'browser';","            } catch (errorCaughtBrowser) {","                return module.exports &&","                    typeof process.versions.node === 'string' &&","                    typeof require('http').createServer === 'function' &&","                    'node';","            }","        }());","        // init global","        local.global = local.modeJs === 'browser'","            ? window","            : global;","        switch (local.modeJs) {","        // re-init local from window.local","        case 'browser':","            local = local.global.utility2.objectSetDefault(","                local.global.utility2_rollup || local.global.local,","                local.global.utility2","            );","            break;","        // re-init local from example.js","        case 'node':","            local = (local.global.utility2_rollup || require('utility2'))","                .requireExampleJsFromReadme();","            break;","        }","        // export local","        local.global.local = local;","    }());","","","","    // run shared js-env code - function","    (function () {","        return;","    }());","    switch (local.modeJs) {","","","","    // run browser js-env code - function","    case 'browser':","        break;","","","","    // run node js-env code - function","    case 'node':","        break;","    }","","","","    // run shared js-env code - post-init","    (function () {","        return;","    }());","    switch (local.modeJs) {","","","","    // run browser js-env code - post-init","    case 'browser':","        // run tests","        local.nop(local.modeTest &&","            document.querySelector('#testRunButton1') &&","            document.querySelector('#testRunButton1').click());","        break;","","","","    // run node js-env code - post-init","    /* istanbul ignore next */","    case 'node':","        local.testCase_buildApidoc_default = local.testCase_buildApidoc_default || function (","            options,","            onError","        ) {","        /*","         * this function will test buildApidoc's default handling-behavior-behavior","         */","            options = { modulePathList: module.paths };","            local.buildApidoc(options, onError);","        };","","        local.testCase_buildApp_default = local.testCase_buildApp_default || function (","            options,","            onError","        ) {","        /*","         * this function will test buildApp's default handling-behavior-behavior","         */","            local.testCase_buildReadme_default(options, local.onErrorThrow);","            local.testCase_buildLib_default(options, local.onErrorThrow);","            local.testCase_buildTest_default(options, local.onErrorThrow);","            local.testCase_buildCustomOrg_default(options, local.onErrorThrow);","            options = [];","            local.buildApp(options, onError);","        };","","        local.testCase_buildCustomOrg_default = local.testCase_buildCustomOrg_default ||","            function (options, onError) {","            /*","             * this function will test buildCustomOrg's default handling-behavior","             */","                options = {};","                local.buildCustomOrg(options, onError);","            };","","        local.testCase_buildLib_default = local.testCase_buildLib_default || function (","            options,","            onError","        ) {","        /*","         * this function will test buildLib's default handling-behavior","         */","            options = {};","            local.buildLib(options, onError);","        };","","        local.testCase_buildReadme_default = local.testCase_buildReadme_default || function (","            options,","            onError","        ) {","        /*","         * this function will test buildReadme's default handling-behavior-behavior","         */","            options = {};","            local.buildReadme(options, onError);","        };","","        local.testCase_buildTest_default = local.testCase_buildTest_default || function (","            options,","            onError","        ) {","        /*","         * this function will test buildTest's default handling-behavior","         */","            options = {};","            local.buildTest(options, onError);","        };","","        local.testCase_webpage_default = local.testCase_webpage_default || function (","            options,","            onError","        ) {","        /*","         * this function will test webpage's default handling-behavior","         */","            options = { modeCoverageMerge: true, url: local.serverLocalHost + '?modeTest=1' };","            local.browserTest(options, onError);","        };","","        // run test-server","        local.testRunServer(local);","        break;","    }","}());",""],"l":{"12":2,"14":2,"19":2,"21":2,"23":2,"24":2,"25":2,"30":1,"37":2,"40":2,"43":1,"47":1,"50":1,"52":1,"55":2,"61":2,"62":2,"64":2,"70":1,"76":1,"82":2,"83":2,"85":2,"92":1,"95":1,"102":1,"109":1,"110":1,"113":1,"120":1,"121":1,"122":1,"123":1,"124":1,"125":1,"128":1,"133":2,"134":2,"137":1,"144":2,"145":2,"148":1,"155":2,"156":2,"159":1,"166":2,"167":2,"170":1,"177":1,"178":1,"182":1,"183":1}},"/home/travis/build/npmtest/node-npmtest-mousetrap/lib.npmtest_mousetrap.js":{"path":"/home/travis/build/npmtest/node-npmtest-mousetrap/lib.npmtest_mousetrap.js","s":{"1":2,"2":2,"3":2,"4":2,"5":2,"6":2,"7":2,"8":1,"9":2,"10":2,"11":2,"12":2,"13":1,"14":1,"15":1,"16":1},"b":{"1":[2,1,1,1],"2":[1,1,1,1],"3":[1,1],"4":[2,2],"5":[1,1]},"f":{"1":2,"2":2,"3":2},"fnMap":{"1":{"name":"(anonymous_1)","line":12,"loc":{"start":{"line":12,"column":1},"end":{"line":12,"column":13}}},"2":{"name":"(anonymous_2)","line":19,"loc":{"start":{"line":19,"column":5},"end":{"line":19,"column":17}}},"3":{"name":"(anonymous_3)","line":23,"loc":{"start":{"line":23,"column":24},"end":{"line":23,"column":36}}}},"statementMap":{"1":{"start":{"line":12,"column":0},"end":{"line":53,"column":5}},"2":{"start":{"line":14,"column":4},"end":{"line":14,"column":14}},"3":{"start":{"line":19,"column":4},"end":{"line":52,"column":9}},"4":{"start":{"line":21,"column":8},"end":{"line":21,"column":19}},"5":{"start":{"line":23,"column":8},"end":{"line":35,"column":13}},"6":{"start":{"line":24,"column":12},"end":{"line":34,"column":13}},"7":{"start":{"line":25,"column":16},"end":{"line":28,"column":30}},"8":{"start":{"line":30,"column":16},"end":{"line":33,"column":27}},"9":{"start":{"line":37,"column":8},"end":{"line":39,"column":21}},"10":{"start":{"line":41,"column":8},"end":{"line":41,"column":54}},"11":{"start":{"line":43,"column":8},"end":{"line":43,"column":54}},"12":{"start":{"line":45,"column":8},"end":{"line":51,"column":9}},"13":{"start":{"line":46,"column":12},"end":{"line":46,"column":60}},"14":{"start":{"line":48,"column":12},"end":{"line":48,"column":35}},"15":{"start":{"line":49,"column":12},"end":{"line":49,"column":49}},"16":{"start":{"line":50,"column":12},"end":{"line":50,"column":43}}},"branchMap":{"1":{"line":25,"type":"binary-expr","locations":[{"start":{"line":25,"column":23},"end":{"line":25,"column":62}},{"start":{"line":26,"column":20},"end":{"line":26,"column":70}},{"start":{"line":27,"column":20},"end":{"line":27,"column":71}},{"start":{"line":28,"column":20},"end":{"line":28,"column":29}}]},"2":{"line":30,"type":"binary-expr","locations":[{"start":{"line":30,"column":23},"end":{"line":30,"column":37}},{"start":{"line":31,"column":20},"end":{"line":31,"column":61}},{"start":{"line":32,"column":20},"end":{"line":32,"column":70}},{"start":{"line":33,"column":20},"end":{"line":33,"column":26}}]},"3":{"line":37,"type":"cond-expr","locations":[{"start":{"line":38,"column":14},"end":{"line":38,"column":20}},{"start":{"line":39,"column":14},"end":{"line":39,"column":20}}]},"4":{"line":41,"type":"binary-expr","locations":[{"start":{"line":41,"column":16},"end":{"line":41,"column":44}},{"start":{"line":41,"column":48},"end":{"line":41,"column":53}}]},"5":{"line":45,"type":"if","locations":[{"start":{"line":45,"column":8},"end":{"line":45,"column":8}},{"start":{"line":45,"column":8},"end":{"line":45,"column":8}}]}},"code":["/* istanbul instrument in package npmtest_mousetrap */","/*jslint","    bitwise: true,","    browser: true,","    maxerr: 8,","    maxlen: 96,","    node: true,","    nomen: true,","    regexp: true,","    stupid: true","*/","(function () {","    'use strict';","    var local;","","","","    // run shared js-env code - pre-init","    (function () {","        // init local","        local = {};","        // init modeJs","        local.modeJs = (function () {","            try {","                return typeof navigator.userAgent === 'string' &&","                    typeof document.querySelector('body') === 'object' &&","                    typeof XMLHttpRequest.prototype.open === 'function' &&","                    'browser';","            } catch (errorCaughtBrowser) {","                return module.exports &&","                    typeof process.versions.node === 'string' &&","                    typeof require('http').createServer === 'function' &&","                    'node';","            }","        }());","        // init global","        local.global = local.modeJs === 'browser'","            ? window","            : global;","        // init utility2_rollup","        local = local.global.utility2_rollup || local;","        // init lib","        local.local = local.npmtest_mousetrap = local;","        // init exports","        if (local.modeJs === 'browser') {","            local.global.utility2_npmtest_mousetrap = local;","        } else {","            module.exports = local;","            module.exports.__dirname = __dirname;","            module.exports.module = module;","        }","    }());","}());",""],"l":{"12":2,"14":2,"19":2,"21":2,"23":2,"24":2,"25":2,"30":1,"37":2,"41":2,"43":2,"45":2,"46":1,"48":1,"49":1,"50":1}},"/home/travis/build/npmtest/node-npmtest-mousetrap/example.js":{"path":"/home/travis/build/npmtest/node-npmtest-mousetrap/example.js","s":{"1":2,"2":2,"3":2,"4":2,"5":2,"6":2,"7":2,"8":1,"9":2,"10":2,"11":2,"12":2,"13":1,"14":2,"15":2,"16":2,"17":2,"18":2,"19":0,"20":2,"21":1,"22":1,"23":1,"24":1,"25":1,"26":0,"27":0,"28":1,"29":1,"30":2,"31":0,"32":0,"33":0,"34":1,"35":2,"36":2,"37":2,"38":2,"39":2,"40":2,"41":0,"42":2,"43":2,"44":2,"45":1,"46":3,"47":1,"48":1,"49":1,"50":1,"51":1,"52":1,"53":1,"54":1,"55":1,"56":1,"57":0,"58":1,"59":6,"60":6,"61":1,"62":2,"63":0,"64":2,"65":1,"66":1,"67":0,"68":0,"69":0,"70":0,"71":0,"72":0,"73":0,"74":0,"75":0,"76":0,"77":0,"78":0,"79":0,"80":0,"81":0,"82":0,"83":0},"b":{"1":[2,1,1,1],"2":[1,1,1,1],"3":[1,1],"4":[2,2],"5":[1,1],"6":[1,1],"7":[2,0],"8":[2,1,1,1,1,1],"9":[0,2,0],"10":[1,1],"11":[2,1,1],"12":[1,0],"13":[0,2],"14":[2,0,0,0,0,0,0],"15":[0,2],"16":[2,0],"17":[1,1],"18":[0,1],"19":[1,2,0,2],"20":[1,0],"21":[1,1],"22":[0,0],"23":[0,0],"24":[0,0],"25":[0,0],"26":[0,0],"27":[0,0],"28":[0,0]},"f":{"1":2,"2":2,"3":2,"4":2,"5":2,"6":2,"7":2,"8":2,"9":3,"10":1,"11":6,"12":0},"fnMap":{"1":{"name":"(anonymous_1)","line":26,"loc":{"start":{"line":26,"column":1},"end":{"line":26,"column":13}}},"2":{"name":"(anonymous_2)","line":33,"loc":{"start":{"line":33,"column":5},"end":{"line":33,"column":17}}},"3":{"name":"(anonymous_3)","line":37,"loc":{"start":{"line":37,"column":24},"end":{"line":37,"column":36}}},"4":{"name":"(anonymous_4)","line":69,"loc":{"start":{"line":69,"column":31},"end":{"line":69,"column":48}},"skip":true},"5":{"name":"(anonymous_5)","line":78,"loc":{"start":{"line":78,"column":26},"end":{"line":78,"column":45}},"skip":true},"6":{"name":"(anonymous_6)","line":123,"loc":{"start":{"line":123,"column":33},"end":{"line":123,"column":48}},"skip":true},"7":{"name":"(anonymous_7)","line":125,"loc":{"start":{"line":125,"column":27},"end":{"line":125,"column":39}},"skip":true},"8":{"name":"(anonymous_8)","line":133,"loc":{"start":{"line":133,"column":59},"end":{"line":133,"column":74}},"skip":true},"9":{"name":"(anonymous_9)","line":143,"loc":{"start":{"line":143,"column":45},"end":{"line":143,"column":62}},"skip":true},"10":{"name":"(anonymous_10)","line":144,"loc":{"start":{"line":144,"column":73},"end":{"line":144,"column":92}},"skip":true},"11":{"name":"(anonymous_11)","line":272,"loc":{"start":{"line":272,"column":51},"end":{"line":272,"column":77}},"skip":true},"12":{"name":"(anonymous_12)","line":314,"loc":{"start":{"line":314,"column":32},"end":{"line":314,"column":61}},"skip":true}},"statementMap":{"1":{"start":{"line":26,"column":0},"end":{"line":325,"column":5}},"2":{"start":{"line":28,"column":4},"end":{"line":28,"column":14}},"3":{"start":{"line":33,"column":4},"end":{"line":60,"column":9}},"4":{"start":{"line":35,"column":8},"end":{"line":35,"column":19}},"5":{"start":{"line":37,"column":8},"end":{"line":49,"column":13}},"6":{"start":{"line":38,"column":12},"end":{"line":48,"column":13}},"7":{"start":{"line":39,"column":16},"end":{"line":42,"column":30}},"8":{"start":{"line":44,"column":16},"end":{"line":47,"column":27}},"9":{"start":{"line":51,"column":8},"end":{"line":53,"column":21}},"10":{"start":{"line":55,"column":8},"end":{"line":57,"column":45}},"11":{"start":{"line":59,"column":8},"end":{"line":59,"column":35}},"12":{"start":{"line":61,"column":4},"end":{"line":324,"column":5}},"13":{"start":{"line":69,"column":8},"end":{"line":121,"column":10},"skip":true},"14":{"start":{"line":70,"column":12},"end":{"line":88,"column":13},"skip":true},"15":{"start":{"line":76,"column":16},"end":{"line":87,"column":19},"skip":true},"16":{"start":{"line":79,"column":20},"end":{"line":86,"column":21},"skip":true},"17":{"start":{"line":82,"column":24},"end":{"line":82,"column":43},"skip":true},"18":{"start":{"line":83,"column":24},"end":{"line":83,"column":30},"skip":true},"19":{"start":{"line":85,"column":24},"end":{"line":85,"column":49},"skip":true},"20":{"start":{"line":89,"column":12},"end":{"line":107,"column":13},"skip":true},"21":{"start":{"line":92,"column":16},"end":{"line":102,"column":17},"skip":true},"22":{"start":{"line":93,"column":20},"end":{"line":93,"column":86},"skip":true},"23":{"start":{"line":94,"column":20},"end":{"line":95,"column":45},"skip":true},"24":{"start":{"line":96,"column":20},"end":{"line":96,"column":42},"skip":true},"25":{"start":{"line":97,"column":20},"end":{"line":97,"column":48},"skip":true},"26":{"start":{"line":100,"column":20},"end":{"line":100,"column":85},"skip":true},"27":{"start":{"line":101,"column":20},"end":{"line":101,"column":96},"skip":true},"28":{"start":{"line":103,"column":16},"end":{"line":103,"column":22},"skip":true},"29":{"start":{"line":106,"column":16},"end":{"line":106,"column":22},"skip":true},"30":{"start":{"line":108,"column":12},"end":{"line":120,"column":13},"skip":true},"31":{"start":{"line":114,"column":16},"end":{"line":119,"column":17},"skip":true},"32":{"start":{"line":116,"column":20},"end":{"line":116,"column":78},"skip":true},"33":{"start":{"line":118,"column":20},"end":{"line":118,"column":53},"skip":true},"34":{"start":{"line":123,"column":8},"end":{"line":141,"column":11},"skip":true},"35":{"start":{"line":124,"column":12},"end":{"line":124,"column":54},"skip":true},"36":{"start":{"line":125,"column":12},"end":{"line":140,"column":14},"skip":true},"37":{"start":{"line":126,"column":16},"end":{"line":126,"column":28},"skip":true},"38":{"start":{"line":127,"column":16},"end":{"line":127,"column":69},"skip":true},"39":{"start":{"line":128,"column":16},"end":{"line":128,"column":75},"skip":true},"40":{"start":{"line":129,"column":16},"end":{"line":131,"column":17},"skip":true},"41":{"start":{"line":130,"column":20},"end":{"line":130,"column":27},"skip":true},"42":{"start":{"line":133,"column":16},"end":{"line":137,"column":36},"skip":true},"43":{"start":{"line":134,"column":20},"end":{"line":136,"column":55},"skip":true},"44":{"start":{"line":139,"column":16},"end":{"line":139,"column":57},"skip":true},"45":{"start":{"line":143,"column":8},"end":{"line":147,"column":11},"skip":true},"46":{"start":{"line":144,"column":12},"end":{"line":146,"column":15},"skip":true},"47":{"start":{"line":145,"column":16},"end":{"line":145,"column":70},"skip":true},"48":{"start":{"line":149,"column":8},"end":{"line":149,"column":31},"skip":true},"49":{"start":{"line":150,"column":8},"end":{"line":150,"column":14},"skip":true},"50":{"start":{"line":158,"column":8},"end":{"line":158,"column":31},"skip":true},"51":{"start":{"line":160,"column":8},"end":{"line":160,"column":33},"skip":true},"52":{"start":{"line":161,"column":8},"end":{"line":161,"column":37},"skip":true},"53":{"start":{"line":162,"column":8},"end":{"line":162,"column":35},"skip":true},"54":{"start":{"line":164,"column":8},"end":{"line":164,"column":50},"skip":true},"55":{"start":{"line":166,"column":8},"end":{"line":256,"column":2},"skip":true},"56":{"start":{"line":258,"column":8},"end":{"line":286,"column":9},"skip":true},"57":{"start":{"line":259,"column":12},"end":{"line":269,"column":14},"skip":true},"58":{"start":{"line":271,"column":12},"end":{"line":285,"column":19},"skip":true},"59":{"start":{"line":274,"column":20},"end":{"line":274,"column":35},"skip":true},"60":{"start":{"line":275,"column":20},"end":{"line":284,"column":21},"skip":true},"61":{"start":{"line":277,"column":24},"end":{"line":277,"column":64},"skip":true},"62":{"start":{"line":279,"column":24},"end":{"line":279,"column":40},"skip":true},"63":{"start":{"line":281,"column":24},"end":{"line":281,"column":40},"skip":true},"64":{"start":{"line":283,"column":24},"end":{"line":283,"column":39},"skip":true},"65":{"start":{"line":288,"column":8},"end":{"line":290,"column":9},"skip":true},"66":{"start":{"line":289,"column":12},"end":{"line":289,"column":18},"skip":true},"67":{"start":{"line":291,"column":8},"end":{"line":293,"column":54},"skip":true},"68":{"start":{"line":294,"column":8},"end":{"line":301,"column":37},"skip":true},"69":{"start":{"line":302,"column":8},"end":{"line":302,"column":82},"skip":true},"70":{"start":{"line":305,"column":8},"end":{"line":307,"column":9},"skip":true},"71":{"start":{"line":306,"column":12},"end":{"line":306,"column":82},"skip":true},"72":{"start":{"line":309,"column":8},"end":{"line":311,"column":9},"skip":true},"73":{"start":{"line":310,"column":12},"end":{"line":310,"column":18},"skip":true},"74":{"start":{"line":312,"column":8},"end":{"line":312,"column":54},"skip":true},"75":{"start":{"line":313,"column":8},"end":{"line":313,"column":69},"skip":true},"76":{"start":{"line":314,"column":8},"end":{"line":322,"column":36},"skip":true},"77":{"start":{"line":315,"column":12},"end":{"line":315,"column":61},"skip":true},"78":{"start":{"line":316,"column":12},"end":{"line":319,"column":13},"skip":true},"79":{"start":{"line":317,"column":16},"end":{"line":317,"column":75},"skip":true},"80":{"start":{"line":318,"column":16},"end":{"line":318,"column":23},"skip":true},"81":{"start":{"line":320,"column":12},"end":{"line":320,"column":38},"skip":true},"82":{"start":{"line":321,"column":12},"end":{"line":321,"column":27},"skip":true},"83":{"start":{"line":323,"column":8},"end":{"line":323,"column":14},"skip":true}},"branchMap":{"1":{"line":39,"type":"binary-expr","locations":[{"start":{"line":39,"column":23},"end":{"line":39,"column":62}},{"start":{"line":40,"column":20},"end":{"line":40,"column":70}},{"start":{"line":41,"column":20},"end":{"line":41,"column":71}},{"start":{"line":42,"column":20},"end":{"line":42,"column":29}}]},"2":{"line":44,"type":"binary-expr","locations":[{"start":{"line":44,"column":23},"end":{"line":44,"column":37}},{"start":{"line":45,"column":20},"end":{"line":45,"column":61}},{"start":{"line":46,"column":20},"end":{"line":46,"column":70}},{"start":{"line":47,"column":20},"end":{"line":47,"column":26}}]},"3":{"line":51,"type":"cond-expr","locations":[{"start":{"line":52,"column":14},"end":{"line":52,"column":20}},{"start":{"line":53,"column":14},"end":{"line":53,"column":20}}]},"4":{"line":55,"type":"binary-expr","locations":[{"start":{"line":55,"column":16},"end":{"line":55,"column":44}},{"start":{"line":55,"column":49},"end":{"line":57,"column":43}}]},"5":{"line":55,"type":"cond-expr","locations":[{"start":{"line":56,"column":14},"end":{"line":56,"column":53}},{"start":{"line":57,"column":14},"end":{"line":57,"column":43}}]},"6":{"line":61,"type":"switch","locations":[{"start":{"line":68,"column":4},"end":{"line":150,"column":14},"skip":true},{"start":{"line":156,"column":4},"end":{"line":323,"column":14},"skip":true}]},"7":{"line":70,"type":"if","locations":[{"start":{"line":70,"column":12},"end":{"line":70,"column":12},"skip":true},{"start":{"line":70,"column":12},"end":{"line":70,"column":12},"skip":true}]},"8":{"line":70,"type":"binary-expr","locations":[{"start":{"line":70,"column":16},"end":{"line":70,"column":22},"skip":true},{"start":{"line":70,"column":27},"end":{"line":70,"column":32},"skip":true},{"start":{"line":71,"column":20},"end":{"line":71,"column":39},"skip":true},{"start":{"line":72,"column":20},"end":{"line":72,"column":49},"skip":true},{"start":{"line":73,"column":20},"end":{"line":73,"column":58},"skip":true},{"start":{"line":74,"column":20},"end":{"line":74,"column":69},"skip":true}]},"9":{"line":79,"type":"switch","locations":[{"start":{"line":80,"column":20},"end":{"line":80,"column":33},"skip":true},{"start":{"line":81,"column":20},"end":{"line":83,"column":30},"skip":true},{"start":{"line":84,"column":20},"end":{"line":85,"column":49},"skip":true}]},"10":{"line":89,"type":"switch","locations":[{"start":{"line":90,"column":12},"end":{"line":103,"column":22},"skip":true},{"start":{"line":105,"column":12},"end":{"line":106,"column":22},"skip":true}]},"11":{"line":89,"type":"binary-expr","locations":[{"start":{"line":89,"column":20},"end":{"line":89,"column":25},"skip":true},{"start":{"line":89,"column":29},"end":{"line":89,"column":48},"skip":true},{"start":{"line":89,"column":52},"end":{"line":89,"column":74},"skip":true}]},"12":{"line":92,"type":"if","locations":[{"start":{"line":92,"column":16},"end":{"line":92,"column":16},"skip":true},{"start":{"line":92,"column":16},"end":{"line":92,"column":16},"skip":true}]},"13":{"line":108,"type":"if","locations":[{"start":{"line":108,"column":12},"end":{"line":108,"column":12},"skip":true},{"start":{"line":108,"column":12},"end":{"line":108,"column":12},"skip":true}]},"14":{"line":108,"type":"binary-expr","locations":[{"start":{"line":108,"column":16},"end":{"line":108,"column":61},"skip":true},{"start":{"line":108,"column":66},"end":{"line":108,"column":72},"skip":true},{"start":{"line":108,"column":77},"end":{"line":108,"column":82},"skip":true},{"start":{"line":109,"column":20},"end":{"line":109,"column":39},"skip":true},{"start":{"line":110,"column":20},"end":{"line":110,"column":49},"skip":true},{"start":{"line":111,"column":20},"end":{"line":111,"column":58},"skip":true},{"start":{"line":112,"column":20},"end":{"line":112,"column":68},"skip":true}]},"15":{"line":129,"type":"if","locations":[{"start":{"line":129,"column":16},"end":{"line":129,"column":16},"skip":true},{"start":{"line":129,"column":16},"end":{"line":129,"column":16},"skip":true}]},"16":{"line":134,"type":"cond-expr","locations":[{"start":{"line":135,"column":26},"end":{"line":135,"column":29},"skip":true},{"start":{"line":136,"column":26},"end":{"line":136,"column":54},"skip":true}]},"17":{"line":164,"type":"binary-expr","locations":[{"start":{"line":164,"column":27},"end":{"line":164,"column":43},"skip":true},{"start":{"line":164,"column":47},"end":{"line":164,"column":49},"skip":true}]},"18":{"line":258,"type":"if","locations":[{"start":{"line":258,"column":8},"end":{"line":258,"column":8},"skip":true},{"start":{"line":258,"column":8},"end":{"line":258,"column":8},"skip":true}]},"19":{"line":275,"type":"switch","locations":[{"start":{"line":276,"column":20},"end":{"line":277,"column":64},"skip":true},{"start":{"line":278,"column":20},"end":{"line":279,"column":40},"skip":true},{"start":{"line":280,"column":20},"end":{"line":281,"column":40},"skip":true},{"start":{"line":282,"column":20},"end":{"line":283,"column":39},"skip":true}]},"20":{"line":288,"type":"if","locations":[{"start":{"line":288,"column":8},"end":{"line":288,"column":8},"skip":true},{"start":{"line":288,"column":8},"end":{"line":288,"column":8},"skip":true}]},"21":{"line":288,"type":"binary-expr","locations":[{"start":{"line":288,"column":12},"end":{"line":288,"column":40},"skip":true},{"start":{"line":288,"column":44},"end":{"line":288,"column":67},"skip":true}]},"22":{"line":292,"type":"binary-expr","locations":[{"start":{"line":292,"column":12},"end":{"line":292,"column":50},"skip":true},{"start":{"line":293,"column":12},"end":{"line":293,"column":53},"skip":true}]},"23":{"line":295,"type":"binary-expr","locations":[{"start":{"line":295,"column":12},"end":{"line":295,"column":67},"skip":true},{"start":{"line":296,"column":12},"end":{"line":301,"column":36},"skip":true}]},"24":{"line":302,"type":"binary-expr","locations":[{"start":{"line":302,"column":43},"end":{"line":302,"column":75},"skip":true},{"start":{"line":302,"column":79},"end":{"line":302,"column":81},"skip":true}]},"25":{"line":305,"type":"if","locations":[{"start":{"line":305,"column":8},"end":{"line":305,"column":8},"skip":true},{"start":{"line":305,"column":8},"end":{"line":305,"column":8},"skip":true}]},"26":{"line":309,"type":"if","locations":[{"start":{"line":309,"column":8},"end":{"line":309,"column":8},"skip":true},{"start":{"line":309,"column":8},"end":{"line":309,"column":8},"skip":true}]},"27":{"line":312,"type":"binary-expr","locations":[{"start":{"line":312,"column":27},"end":{"line":312,"column":43},"skip":true},{"start":{"line":312,"column":47},"end":{"line":312,"column":53},"skip":true}]},"28":{"line":316,"type":"if","locations":[{"start":{"line":316,"column":12},"end":{"line":316,"column":12},"skip":true},{"start":{"line":316,"column":12},"end":{"line":316,"column":12},"skip":true}]}},"code":["/*","example.js","","quickstart example","","instruction","    1. save this script as example.js","    2. run the shell command:","        $ npm install npmtest-mousetrap && PORT=8081 node example.js","    3. play with the browser-demo on http://127.0.0.1:8081","*/","","","","/* istanbul instrument in package npmtest_mousetrap */","/*jslint","    bitwise: true,","    browser: true,","    maxerr: 8,","    maxlen: 96,","    node: true,","    nomen: true,","    regexp: true,","    stupid: true","*/","(function () {","    'use strict';","    var local;","","","","    // run shared js-env code - pre-init","    (function () {","        // init local","        local = {};","        // init modeJs","        local.modeJs = (function () {","            try {","                return typeof navigator.userAgent === 'string' &&","                    typeof document.querySelector('body') === 'object' &&","                    typeof XMLHttpRequest.prototype.open === 'function' &&","                    'browser';","            } catch (errorCaughtBrowser) {","                return module.exports &&","                    typeof process.versions.node === 'string' &&","                    typeof require('http').createServer === 'function' &&","                    'node';","            }","        }());","        // init global","        local.global = local.modeJs === 'browser'","            ? window","            : global;","        // init utility2_rollup","        local = local.global.utility2_rollup || (local.modeJs === 'browser'","            ? local.global.utility2_npmtest_mousetrap","            : global.utility2_moduleExports);","        // export local","        local.global.local = local;","    }());","    switch (local.modeJs) {","","","","    // post-init","    // run browser js-env code - post-init","    /* istanbul ignore next */","    case 'browser':","        local.testRunBrowser = function (event) {","            if (!event || (event &&","                    event.currentTarget &&","                    event.currentTarget.className &&","                    event.currentTarget.className.includes &&","                    event.currentTarget.className.includes('onreset'))) {","                // reset output","                Array.from(","                    document.querySelectorAll('body > .resettable')","                ).forEach(function (element) {","                    switch (element.tagName) {","                    case 'INPUT':","                    case 'TEXTAREA':","                        element.value = '';","                        break;","                    default:","                        element.textContent = '';","                    }","                });","            }","            switch (event && event.currentTarget && event.currentTarget.id) {","            case 'testRunButton1':","                // show tests","                if (document.querySelector('#testReportDiv1').style.display === 'none') {","                    document.querySelector('#testReportDiv1').style.display = 'block';","                    document.querySelector('#testRunButton1').textContent =","                        'hide internal test';","                    local.modeTest = true;","                    local.testRunDefault(local);","                // hide tests","                } else {","                    document.querySelector('#testReportDiv1').style.display = 'none';","                    document.querySelector('#testRunButton1').textContent = 'run internal test';","                }","                break;","            // custom-case","            default:","                break;","            }","            if (document.querySelector('#inputTextareaEval1') && (!event || (event &&","                    event.currentTarget &&","                    event.currentTarget.className &&","                    event.currentTarget.className.includes &&","                    event.currentTarget.className.includes('oneval')))) {","                // try to eval input-code","                try {","                    /*jslint evil: true*/","                    eval(document.querySelector('#inputTextareaEval1').value);","                } catch (errorCaught) {","                    console.error(errorCaught.stack);","                }","            }","        };","        // log stderr and stdout to #outputTextareaStdout1","        ['error', 'log'].forEach(function (key) {","            console[key + '_original'] = console[key];","            console[key] = function () {","                var element;","                console[key + '_original'].apply(console, arguments);","                element = document.querySelector('#outputTextareaStdout1');","                if (!element) {","                    return;","                }","                // append text to #outputTextareaStdout1","                element.value += Array.from(arguments).map(function (arg) {","                    return typeof arg === 'string'","                        ? arg","                        : JSON.stringify(arg, null, 4);","                }).join(' ') + '\\n';","                // scroll textarea to bottom","                element.scrollTop = element.scrollHeight;","            };","        });","        // init event-handling","        ['change', 'click', 'keyup'].forEach(function (event) {","            Array.from(document.querySelectorAll('.on' + event)).forEach(function (element) {","                element.addEventListener(event, local.testRunBrowser);","            });","        });","        // run tests","        local.testRunBrowser();","        break;","","","","    // run node js-env code - post-init","    /* istanbul ignore next */","    case 'node':","        // export local","        module.exports = local;","        // require modules","        local.fs = require('fs');","        local.http = require('http');","        local.url = require('url');","        // init assets","        local.assetsDict = local.assetsDict || {};","        /* jslint-ignore-begin */","        local.assetsDict['/assets.index.template.html'] = '\\","<!doctype html>\\n\\","<html lang=\"en\">\\n\\","<head>\\n\\","<meta charset=\"UTF-8\">\\n\\","<meta name=\"viewport\" content=\"width=device-width, initial-scale=1\">\\n\\","<title>{{env.npm_package_name}} (v{{env.npm_package_version}})</title>\\n\\","<style>\\n\\","/*csslint\\n\\","    box-sizing: false,\\n\\","    universal-selector: false\\n\\","*/\\n\\","* {\\n\\","    box-sizing: border-box;\\n\\","}\\n\\","body {\\n\\","    background: #dde;\\n\\","    font-family: Arial, Helvetica, sans-serif;\\n\\","    margin: 2rem;\\n\\","}\\n\\","body > * {\\n\\","    margin-bottom: 1rem;\\n\\","}\\n\\",".utility2FooterDiv {\\n\\","    margin-top: 20px;\\n\\","    text-align: center;\\n\\","}\\n\\","</style>\\n\\","<style>\\n\\","/*csslint\\n\\","*/\\n\\","textarea {\\n\\","    font-family: monospace;\\n\\","    height: 10rem;\\n\\","    width: 100%;\\n\\","}\\n\\","textarea[readonly] {\\n\\","    background: #ddd;\\n\\","}\\n\\","</style>\\n\\","</head>\\n\\","<body>\\n\\","<!-- utility2-comment\\n\\","<div id=\"ajaxProgressDiv1\" style=\"background: #d00; height: 2px; left: 0; margin: 0; padding: 0; position: fixed; top: 0; transition: background 0.5s, width 1.5s; width: 25%;\"></div>\\n\\","utility2-comment -->\\n\\","<h1>\\n\\","<!-- utility2-comment\\n\\","    <a\\n\\","        {{#if env.npm_package_homepage}}\\n\\","        href=\"{{env.npm_package_homepage}}\"\\n\\","        {{/if env.npm_package_homepage}}\\n\\","        target=\"_blank\"\\n\\","    >\\n\\","utility2-comment -->\\n\\","        {{env.npm_package_name}} (v{{env.npm_package_version}})\\n\\","<!-- utility2-comment\\n\\","    </a>\\n\\","utility2-comment -->\\n\\","</h1>\\n\\","<h3>{{env.npm_package_description}}</h3>\\n\\","<!-- utility2-comment\\n\\","<h4><a download href=\"assets.app.js\">download standalone app</a></h4>\\n\\","<button class=\"onclick onreset\" id=\"testRunButton1\">run internal test</button><br>\\n\\","<div id=\"testReportDiv1\" style=\"display: none;\"></div>\\n\\","utility2-comment -->\\n\\","\\n\\","\\n\\","\\n\\","<label>stderr and stdout</label>\\n\\","<textarea class=\"resettable\" id=\"outputTextareaStdout1\" readonly></textarea>\\n\\","<!-- utility2-comment\\n\\","{{#if isRollup}}\\n\\","<script src=\"assets.app.js\"></script>\\n\\","{{#unless isRollup}}\\n\\","utility2-comment -->\\n\\","<script src=\"assets.utility2.rollup.js\"></script>\\n\\","<script src=\"jsonp.utility2._stateInit?callback=window.utility2._stateInit\"></script>\\n\\","<script src=\"assets.npmtest_mousetrap.rollup.js\"></script>\\n\\","<script src=\"assets.example.js\"></script>\\n\\","<script src=\"assets.test.js\"></script>\\n\\","<!-- utility2-comment\\n\\","{{/if isRollup}}\\n\\","utility2-comment -->\\n\\","<div class=\"utility2FooterDiv\">\\n\\","    [ this app was created with\\n\\","    <a href=\"https://github.com/kaizhu256/node-utility2\" target=\"_blank\">utility2</a>\\n\\","    ]\\n\\","</div>\\n\\","</body>\\n\\","</html>\\n\\","';","        /* jslint-ignore-end */","        if (local.templateRender) {","            local.assetsDict['/'] = local.templateRender(","                local.assetsDict['/assets.index.template.html'],","                {","                    env: local.objectSetDefault(local.env, {","                        npm_package_description: 'the greatest app in the world!',","                        npm_package_name: 'my-app',","                        npm_package_nameAlias: 'my_app',","                        npm_package_version: '0.0.1'","                    })","                }","            );","        } else {","            local.assetsDict['/'] = local.assetsDict['/assets.index.template.html']","                .replace((/\\{\\{env\\.(\\w+?)\\}\\}/g), function (match0, match1) {","                    // jslint-hack","                    String(match0);","                    switch (match1) {","                    case 'npm_package_description':","                        return 'the greatest app in the world!';","                    case 'npm_package_name':","                        return 'my-app';","                    case 'npm_package_nameAlias':","                        return 'my_app';","                    case 'npm_package_version':","                        return '0.0.1';","                    }","                });","        }","        // run the cli","        if (local.global.utility2_rollup || module !== require.main) {","            break;","        }","        local.assetsDict['/assets.example.js'] =","            local.assetsDict['/assets.example.js'] ||","            local.fs.readFileSync(__filename, 'utf8');","        local.assetsDict['/assets.npmtest_mousetrap.rollup.js'] =","            local.assetsDict['/assets.npmtest_mousetrap.rollup.js'] ||","            local.fs.readFileSync(","                // buildCustomOrg-hack","                local.npmtest_mousetrap.__dirname +","                    '/lib.npmtest_mousetrap.js',","                'utf8'","            ).replace((/^#!/), '//');","        local.assetsDict['/favicon.ico'] = local.assetsDict['/favicon.ico'] || '';","        // if $npm_config_timeout_exit exists,","        // then exit this process after $npm_config_timeout_exit ms","        if (Number(process.env.npm_config_timeout_exit)) {","            setTimeout(process.exit, Number(process.env.npm_config_timeout_exit));","        }","        // start server","        if (local.global.utility2_serverHttp1) {","            break;","        }","        process.env.PORT = process.env.PORT || '8081';","        console.error('server starting on port ' + process.env.PORT);","        local.http.createServer(function (request, response) {","            request.urlParsed = local.url.parse(request.url);","            if (local.assetsDict[request.urlParsed.pathname] !== undefined) {","                response.end(local.assetsDict[request.urlParsed.pathname]);","                return;","            }","            response.statusCode = 404;","            response.end();","        }).listen(process.env.PORT);","        break;","    }","}());",""],"l":{"26":2,"28":2,"33":2,"35":2,"37":2,"38":2,"39":2,"44":1,"51":2,"55":2,"59":2,"61":2,"69":1,"70":2,"76":2,"79":2,"82":2,"83":2,"85":1,"89":2,"92":1,"93":1,"94":1,"96":1,"97":1,"100":1,"101":1,"103":1,"106":1,"108":2,"114":1,"116":1,"118":1,"123":1,"124":2,"125":2,"126":2,"127":2,"128":2,"129":2,"130":1,"133":2,"134":2,"139":2,"143":1,"144":3,"145":1,"149":1,"150":1,"158":1,"160":1,"161":1,"162":1,"164":1,"166":1,"258":1,"259":1,"271":1,"274":6,"275":6,"277":1,"279":2,"281":1,"283":2,"288":1,"289":1,"291":1,"294":1,"302":1,"305":1,"306":1,"309":1,"310":1,"312":1,"313":1,"314":1,"315":1,"316":1,"317":1,"318":1,"320":1,"321":1,"323":1}},"/home/travis/build/npmtest/node-npmtest-mousetrap/mousetrap/mousetrap.js":{"path":"/home/travis/build/npmtest/node-npmtest-mousetrap/mousetrap/mousetrap.js","s":{"1":1,"2":1,"3":1,"4":0,"5":0,"6":0,"7":0,"8":0,"9":0,"10":0,"11":0,"12":0,"13":1,"14":0,"15":0,"16":0,"17":0,"18":1,"19":0,"20":0,"21":0,"22":0,"23":0,"24":0,"25":0,"26":0,"27":0,"28":0,"29":1,"30":0,"31":1,"32":0,"33":0,"34":0,"35":0,"36":0,"37":0,"38":0,"39":0,"40":0,"41":0,"42":1,"43":0,"44":0,"45":0,"46":0,"47":1,"48":0,"49":0,"50":0,"51":0,"52":1,"53":0,"54":1,"55":0,"56":0,"57":0,"58":0,"59":0,"60":0,"61":0,"62":0,"63":1,"64":0,"65":0,"66":0,"67":0,"68":0,"69":1,"70":0,"71":0,"72":0,"73":0,"74":1,"75":0,"76":0,"77":0,"78":0,"79":0,"80":0,"81":0,"82":0,"83":0,"84":0,"85":0,"86":0,"87":0,"88":0,"89":0,"90":0,"91":1,"92":0,"93":0,"94":0,"95":0,"96":0,"97":1,"98":0,"99":0,"100":0,"101":0,"102":0,"103":0,"104":0,"105":0,"106":0,"107":0,"108":0,"109":0,"110":1,"111":0,"112":0,"113":0,"114":0,"115":0,"116":0,"117":0,"118":0,"119":0,"120":1,"121":0,"122":0,"123":0,"124":0,"125":0,"126":0,"127":0,"128":0,"129":0,"130":0,"131":0,"132":0,"133":0,"134":0,"135":0,"136":0,"137":0,"138":0,"139":0,"140":0,"141":0,"142":1,"143":0,"144":0,"145":0,"146":0,"147":0,"148":0,"149":0,"150":0,"151":0,"152":0,"153":0,"154":0,"155":0,"156":0,"157":0,"158":0,"159":0,"160":0,"161":0,"162":0,"163":0,"164":0,"165":0,"166":0,"167":0,"168":0,"169":0,"170":0,"171":1,"172":0,"173":0,"174":0,"175":0,"176":0,"177":0,"178":0,"179":0,"180":0,"181":1,"182":0,"183":0,"184":1,"185":0,"186":1,"187":0,"188":0,"189":0,"190":0,"191":1,"192":0,"193":0,"194":0,"195":0,"196":0,"197":0,"198":0,"199":0,"200":1,"201":0,"202":0,"203":0,"204":0,"205":0,"206":0,"207":0,"208":0,"209":0,"210":0,"211":0,"212":0,"213":0,"214":0,"215":0,"216":0,"217":0,"218":0,"219":0,"220":0,"221":0,"222":0,"223":0,"224":0,"225":0,"226":0,"227":0,"228":0,"229":0,"230":0,"231":0,"232":0,"233":0,"234":0,"235":0,"236":0,"237":0,"238":0,"239":0,"240":0,"241":0,"242":0,"243":0,"244":0,"245":0,"246":0,"247":0,"248":0,"249":0,"250":0,"251":0,"252":0,"253":0,"254":0,"255":0,"256":0,"257":0,"258":0,"259":0,"260":0,"261":0,"262":0,"263":0,"264":0},"b":{"1":[1,0],"2":[0,0],"3":[0,0],"4":[0,0],"5":[0,0],"6":[0,0],"7":[0,0],"8":[0,0],"9":[0,0],"10":[0,0],"11":[0,0],"12":[0,0],"13":[0,0],"14":[0,0,0,0],"15":[0,0],"16":[0,0],"17":[0,0],"18":[0,0],"19":[0,0],"20":[0,0],"21":[0,0],"22":[0,0],"23":[0,0],"24":[0,0],"25":[0,0],"26":[0,0,0],"27":[0,0],"28":[0,0],"29":[0,0],"30":[0,0],"31":[0,0],"32":[0,0],"33":[0,0],"34":[0,0],"35":[0,0],"36":[0,0],"37":[0,0],"38":[0,0],"39":[0,0],"40":[0,0,0],"41":[0,0],"42":[0,0],"43":[0,0,0,0],"44":[0,0],"45":[0,0,0],"46":[0,0],"47":[0,0],"48":[0,0],"49":[0,0],"50":[0,0],"51":[0,0],"52":[0,0],"53":[0,0],"54":[0,0],"55":[0,0],"56":[0,0],"57":[0,0,0],"58":[0,0],"59":[0,0],"60":[0,0],"61":[0,0],"62":[0,0],"63":[0,0],"64":[0,0],"65":[0,0],"66":[0,0],"67":[0,0],"68":[0,0],"69":[0,0],"70":[0,0],"71":[0,0],"72":[0,0],"73":[0,0,0,0],"74":[0,0],"75":[0,0],"76":[0,0],"77":[0,0],"78":[0,0],"79":[0,0],"80":[0,1],"81":[0,1]},"f":{"1":1,"2":0,"3":0,"4":0,"5":0,"6":0,"7":0,"8":0,"9":0,"10":0,"11":0,"12":0,"13":0,"14":0,"15":0,"16":0,"17":0,"18":0,"19":0,"20":0,"21":0,"22":0,"23":0,"24":0,"25":0,"26":0,"27":0,"28":0,"29":0,"30":0,"31":0,"32":0,"33":0,"34":0,"35":0,"36":0,"37":0,"38":0},"fnMap":{"1":{"name":"(anonymous_1)","line":23,"loc":{"start":{"line":23,"column":1},"end":{"line":23,"column":39}}},"2":{"name":"_addEvent","line":176,"loc":{"start":{"line":176,"column":4},"end":{"line":176,"column":47}}},"3":{"name":"_characterFromEvent","line":191,"loc":{"start":{"line":191,"column":4},"end":{"line":191,"column":36}}},"4":{"name":"_modifiersMatch","line":237,"loc":{"start":{"line":237,"column":4},"end":{"line":237,"column":53}}},"5":{"name":"_eventModifiers","line":247,"loc":{"start":{"line":247,"column":4},"end":{"line":247,"column":32}}},"6":{"name":"_preventDefault","line":275,"loc":{"start":{"line":275,"column":4},"end":{"line":275,"column":32}}},"7":{"name":"_stopPropagation","line":290,"loc":{"start":{"line":290,"column":4},"end":{"line":290,"column":33}}},"8":{"name":"_isModifier","line":305,"loc":{"start":{"line":305,"column":4},"end":{"line":305,"column":30}}},"9":{"name":"_getReverseMap","line":315,"loc":{"start":{"line":315,"column":4},"end":{"line":315,"column":30}}},"10":{"name":"_pickBestAction","line":341,"loc":{"start":{"line":341,"column":4},"end":{"line":341,"column":53}}},"11":{"name":"_keysFromString","line":364,"loc":{"start":{"line":364,"column":4},"end":{"line":364,"column":42}}},"12":{"name":"_getKeyInfo","line":380,"loc":{"start":{"line":380,"column":4},"end":{"line":380,"column":46}}},"13":{"name":"_belongsTo","line":423,"loc":{"start":{"line":423,"column":4},"end":{"line":423,"column":43}}},"14":{"name":"Mousetrap","line":435,"loc":{"start":{"line":435,"column":4},"end":{"line":435,"column":38}}},"15":{"name":"_resetSequences","line":508,"loc":{"start":{"line":508,"column":8},"end":{"line":508,"column":45}}},"16":{"name":"_getMatches","line":539,"loc":{"start":{"line":539,"column":8},"end":{"line":539,"column":88}}},"17":{"name":"_fireCallback","line":609,"loc":{"start":{"line":609,"column":8},"end":{"line":609,"column":61}}},"18":{"name":"(anonymous_18)","line":630,"loc":{"start":{"line":630,"column":26},"end":{"line":630,"column":60}}},"19":{"name":"_handleKeyEvent","line":716,"loc":{"start":{"line":716,"column":8},"end":{"line":716,"column":36}}},"20":{"name":"_resetSequenceTimer","line":748,"loc":{"start":{"line":748,"column":8},"end":{"line":748,"column":39}}},"21":{"name":"_bindSequence","line":762,"loc":{"start":{"line":762,"column":8},"end":{"line":762,"column":62}}},"22":{"name":"_increaseSequence","line":775,"loc":{"start":{"line":775,"column":12},"end":{"line":775,"column":51}}},"23":{"name":"(anonymous_23)","line":776,"loc":{"start":{"line":776,"column":23},"end":{"line":776,"column":34}}},"24":{"name":"_callbackAndReset","line":790,"loc":{"start":{"line":790,"column":12},"end":{"line":790,"column":42}}},"25":{"name":"_bindSingle","line":831,"loc":{"start":{"line":831,"column":8},"end":{"line":831,"column":81}}},"26":{"name":"(anonymous_26)","line":882,"loc":{"start":{"line":882,"column":29},"end":{"line":882,"column":70}}},"27":{"name":"(anonymous_27)","line":908,"loc":{"start":{"line":908,"column":31},"end":{"line":908,"column":64}}},"28":{"name":"(anonymous_28)","line":932,"loc":{"start":{"line":932,"column":33},"end":{"line":932,"column":56}}},"29":{"name":"(anonymous_29)","line":934,"loc":{"start":{"line":934,"column":42},"end":{"line":934,"column":53}}},"30":{"name":"(anonymous_30)","line":944,"loc":{"start":{"line":944,"column":34},"end":{"line":944,"column":57}}},"31":{"name":"(anonymous_31)","line":959,"loc":{"start":{"line":959,"column":32},"end":{"line":959,"column":43}}},"32":{"name":"(anonymous_32)","line":973,"loc":{"start":{"line":973,"column":39},"end":{"line":973,"column":60}}},"33":{"name":"(anonymous_33)","line":992,"loc":{"start":{"line":992,"column":36},"end":{"line":992,"column":47}}},"34":{"name":"(anonymous_34)","line":1000,"loc":{"start":{"line":1000,"column":28},"end":{"line":1000,"column":45}}},"35":{"name":"(anonymous_35)","line":1015,"loc":{"start":{"line":1015,"column":21},"end":{"line":1015,"column":32}}},"36":{"name":"(anonymous_36)","line":1019,"loc":{"start":{"line":1019,"column":37},"end":{"line":1019,"column":54}}},"37":{"name":"(anonymous_37)","line":1020,"loc":{"start":{"line":1020,"column":27},"end":{"line":1020,"column":38}}},"38":{"name":"(anonymous_38)","line":1040,"loc":{"start":{"line":1040,"column":15},"end":{"line":1040,"column":26}}}},"statementMap":{"1":{"start":{"line":23,"column":0},"end":{"line":1044,"column":101}},"2":{"start":{"line":26,"column":4},"end":{"line":28,"column":5}},"3":{"start":{"line":27,"column":8},"end":{"line":27,"column":15}},"4":{"start":{"line":39,"column":4},"end":{"line":62,"column":6}},"5":{"start":{"line":72,"column":4},"end":{"line":89,"column":6}},"6":{"start":{"line":101,"column":4},"end":{"line":121,"column":6}},"7":{"start":{"line":129,"column":4},"end":{"line":136,"column":6}},"8":{"start":{"line":145,"column":4},"end":{"line":145,"column":21}},"9":{"start":{"line":151,"column":4},"end":{"line":153,"column":5}},"10":{"start":{"line":152,"column":8},"end":{"line":152,"column":32}},"11":{"start":{"line":158,"column":4},"end":{"line":166,"column":5}},"12":{"start":{"line":165,"column":8},"end":{"line":165,"column":36}},"13":{"start":{"line":176,"column":4},"end":{"line":183,"column":5}},"14":{"start":{"line":177,"column":8},"end":{"line":180,"column":9}},"15":{"start":{"line":178,"column":12},"end":{"line":178,"column":59}},"16":{"start":{"line":179,"column":12},"end":{"line":179,"column":19}},"17":{"start":{"line":182,"column":8},"end":{"line":182,"column":50}},"18":{"start":{"line":191,"column":4},"end":{"line":228,"column":5}},"19":{"start":{"line":194,"column":8},"end":{"line":211,"column":9}},"20":{"start":{"line":195,"column":12},"end":{"line":195,"column":57}},"21":{"start":{"line":206,"column":12},"end":{"line":208,"column":13}},"22":{"start":{"line":207,"column":16},"end":{"line":207,"column":52}},"23":{"start":{"line":210,"column":12},"end":{"line":210,"column":29}},"24":{"start":{"line":214,"column":8},"end":{"line":216,"column":9}},"25":{"start":{"line":215,"column":12},"end":{"line":215,"column":33}},"26":{"start":{"line":218,"column":8},"end":{"line":220,"column":9}},"27":{"start":{"line":219,"column":12},"end":{"line":219,"column":41}},"28":{"start":{"line":227,"column":8},"end":{"line":227,"column":58}},"29":{"start":{"line":237,"column":4},"end":{"line":239,"column":5}},"30":{"start":{"line":238,"column":8},"end":{"line":238,"column":75}},"31":{"start":{"line":247,"column":4},"end":{"line":267,"column":5}},"32":{"start":{"line":248,"column":8},"end":{"line":248,"column":27}},"33":{"start":{"line":250,"column":8},"end":{"line":252,"column":9}},"34":{"start":{"line":251,"column":12},"end":{"line":251,"column":36}},"35":{"start":{"line":254,"column":8},"end":{"line":256,"column":9}},"36":{"start":{"line":255,"column":12},"end":{"line":255,"column":34}},"37":{"start":{"line":258,"column":8},"end":{"line":260,"column":9}},"38":{"start":{"line":259,"column":12},"end":{"line":259,"column":35}},"39":{"start":{"line":262,"column":8},"end":{"line":264,"column":9}},"40":{"start":{"line":263,"column":12},"end":{"line":263,"column":35}},"41":{"start":{"line":266,"column":8},"end":{"line":266,"column":25}},"42":{"start":{"line":275,"column":4},"end":{"line":282,"column":5}},"43":{"start":{"line":276,"column":8},"end":{"line":279,"column":9}},"44":{"start":{"line":277,"column":12},"end":{"line":277,"column":31}},"45":{"start":{"line":278,"column":12},"end":{"line":278,"column":19}},"46":{"start":{"line":281,"column":8},"end":{"line":281,"column":30}},"47":{"start":{"line":290,"column":4},"end":{"line":297,"column":5}},"48":{"start":{"line":291,"column":8},"end":{"line":294,"column":9}},"49":{"start":{"line":292,"column":12},"end":{"line":292,"column":32}},"50":{"start":{"line":293,"column":12},"end":{"line":293,"column":19}},"51":{"start":{"line":296,"column":8},"end":{"line":296,"column":30}},"52":{"start":{"line":305,"column":4},"end":{"line":307,"column":5}},"53":{"start":{"line":306,"column":8},"end":{"line":306,"column":80}},"54":{"start":{"line":315,"column":4},"end":{"line":332,"column":5}},"55":{"start":{"line":316,"column":8},"end":{"line":330,"column":9}},"56":{"start":{"line":317,"column":12},"end":{"line":317,"column":30}},"57":{"start":{"line":318,"column":12},"end":{"line":329,"column":13}},"58":{"start":{"line":322,"column":16},"end":{"line":324,"column":17}},"59":{"start":{"line":323,"column":20},"end":{"line":323,"column":29}},"60":{"start":{"line":326,"column":16},"end":{"line":328,"column":17}},"61":{"start":{"line":327,"column":20},"end":{"line":327,"column":50}},"62":{"start":{"line":331,"column":8},"end":{"line":331,"column":28}},"63":{"start":{"line":341,"column":4},"end":{"line":356,"column":5}},"64":{"start":{"line":345,"column":8},"end":{"line":347,"column":9}},"65":{"start":{"line":346,"column":12},"end":{"line":346,"column":68}},"66":{"start":{"line":351,"column":8},"end":{"line":353,"column":9}},"67":{"start":{"line":352,"column":12},"end":{"line":352,"column":31}},"68":{"start":{"line":355,"column":8},"end":{"line":355,"column":22}},"69":{"start":{"line":364,"column":4},"end":{"line":371,"column":5}},"70":{"start":{"line":365,"column":8},"end":{"line":367,"column":9}},"71":{"start":{"line":366,"column":12},"end":{"line":366,"column":25}},"72":{"start":{"line":369,"column":8},"end":{"line":369,"column":61}},"73":{"start":{"line":370,"column":8},"end":{"line":370,"column":38}},"74":{"start":{"line":380,"column":4},"end":{"line":421,"column":5}},"75":{"start":{"line":381,"column":8},"end":{"line":381,"column":17}},"76":{"start":{"line":382,"column":8},"end":{"line":382,"column":16}},"77":{"start":{"line":383,"column":8},"end":{"line":383,"column":14}},"78":{"start":{"line":384,"column":8},"end":{"line":384,"column":27}},"79":{"start":{"line":388,"column":8},"end":{"line":388,"column":44}},"80":{"start":{"line":390,"column":8},"end":{"line":410,"column":9}},"81":{"start":{"line":391,"column":12},"end":{"line":391,"column":26}},"82":{"start":{"line":394,"column":12},"end":{"line":396,"column":13}},"83":{"start":{"line":395,"column":16},"end":{"line":395,"column":44}},"84":{"start":{"line":401,"column":12},"end":{"line":404,"column":13}},"85":{"start":{"line":402,"column":16},"end":{"line":402,"column":38}},"86":{"start":{"line":403,"column":16},"end":{"line":403,"column":40}},"87":{"start":{"line":407,"column":12},"end":{"line":409,"column":13}},"88":{"start":{"line":408,"column":16},"end":{"line":408,"column":36}},"89":{"start":{"line":414,"column":8},"end":{"line":414,"column":57}},"90":{"start":{"line":416,"column":8},"end":{"line":420,"column":10}},"91":{"start":{"line":423,"column":4},"end":{"line":433,"column":5}},"92":{"start":{"line":424,"column":8},"end":{"line":426,"column":9}},"93":{"start":{"line":425,"column":12},"end":{"line":425,"column":25}},"94":{"start":{"line":428,"column":8},"end":{"line":430,"column":9}},"95":{"start":{"line":429,"column":12},"end":{"line":429,"column":24}},"96":{"start":{"line":432,"column":8},"end":{"line":432,"column":56}},"97":{"start":{"line":435,"column":4},"end":{"line":892,"column":5}},"98":{"start":{"line":436,"column":8},"end":{"line":436,"column":24}},"99":{"start":{"line":438,"column":8},"end":{"line":438,"column":50}},"100":{"start":{"line":440,"column":8},"end":{"line":442,"column":9}},"101":{"start":{"line":441,"column":12},"end":{"line":441,"column":48}},"102":{"start":{"line":449,"column":8},"end":{"line":449,"column":36}},"103":{"start":{"line":456,"column":8},"end":{"line":456,"column":29}},"104":{"start":{"line":463,"column":8},"end":{"line":463,"column":29}},"105":{"start":{"line":471,"column":8},"end":{"line":471,"column":33}},"106":{"start":{"line":478,"column":8},"end":{"line":478,"column":24}},"107":{"start":{"line":485,"column":8},"end":{"line":485,"column":37}},"108":{"start":{"line":492,"column":8},"end":{"line":492,"column":40}},"109":{"start":{"line":500,"column":8},"end":{"line":500,"column":40}},"110":{"start":{"line":508,"column":8},"end":{"line":525,"column":9}},"111":{"start":{"line":509,"column":12},"end":{"line":509,"column":42}},"112":{"start":{"line":511,"column":12},"end":{"line":512,"column":20}},"113":{"start":{"line":514,"column":12},"end":{"line":520,"column":13}},"114":{"start":{"line":515,"column":16},"end":{"line":518,"column":17}},"115":{"start":{"line":516,"column":20},"end":{"line":516,"column":43}},"116":{"start":{"line":517,"column":20},"end":{"line":517,"column":29}},"117":{"start":{"line":519,"column":16},"end":{"line":519,"column":41}},"118":{"start":{"line":522,"column":12},"end":{"line":524,"column":13}},"119":{"start":{"line":523,"column":16},"end":{"line":523,"column":44}},"120":{"start":{"line":539,"column":8},"end":{"line":597,"column":9}},"121":{"start":{"line":540,"column":12},"end":{"line":540,"column":18}},"122":{"start":{"line":541,"column":12},"end":{"line":541,"column":25}},"123":{"start":{"line":542,"column":12},"end":{"line":542,"column":29}},"124":{"start":{"line":543,"column":12},"end":{"line":543,"column":32}},"125":{"start":{"line":546,"column":12},"end":{"line":548,"column":13}},"126":{"start":{"line":547,"column":16},"end":{"line":547,"column":26}},"127":{"start":{"line":551,"column":12},"end":{"line":553,"column":13}},"128":{"start":{"line":552,"column":16},"end":{"line":552,"column":40}},"129":{"start":{"line":557,"column":12},"end":{"line":594,"column":13}},"130":{"start":{"line":558,"column":16},"end":{"line":558,"column":57}},"131":{"start":{"line":562,"column":16},"end":{"line":564,"column":17}},"132":{"start":{"line":563,"column":20},"end":{"line":563,"column":29}},"133":{"start":{"line":568,"column":16},"end":{"line":570,"column":17}},"134":{"start":{"line":569,"column":20},"end":{"line":569,"column":29}},"135":{"start":{"line":579,"column":16},"end":{"line":593,"column":17}},"136":{"start":{"line":586,"column":20},"end":{"line":586,"column":85}},"137":{"start":{"line":587,"column":20},"end":{"line":587,"column":113}},"138":{"start":{"line":588,"column":20},"end":{"line":590,"column":21}},"139":{"start":{"line":589,"column":24},"end":{"line":589,"column":64}},"140":{"start":{"line":592,"column":20},"end":{"line":592,"column":43}},"141":{"start":{"line":596,"column":12},"end":{"line":596,"column":27}},"142":{"start":{"line":609,"column":8},"end":{"line":620,"column":9}},"143":{"start":{"line":612,"column":12},"end":{"line":614,"column":13}},"144":{"start":{"line":613,"column":16},"end":{"line":613,"column":23}},"145":{"start":{"line":616,"column":12},"end":{"line":619,"column":13}},"146":{"start":{"line":617,"column":16},"end":{"line":617,"column":35}},"147":{"start":{"line":618,"column":16},"end":{"line":618,"column":36}},"148":{"start":{"line":630,"column":8},"end":{"line":708,"column":10}},"149":{"start":{"line":631,"column":12},"end":{"line":631,"column":65}},"150":{"start":{"line":632,"column":12},"end":{"line":632,"column":18}},"151":{"start":{"line":633,"column":12},"end":{"line":633,"column":32}},"152":{"start":{"line":634,"column":12},"end":{"line":634,"column":29}},"153":{"start":{"line":635,"column":12},"end":{"line":635,"column":50}},"154":{"start":{"line":638,"column":12},"end":{"line":642,"column":13}},"155":{"start":{"line":639,"column":16},"end":{"line":641,"column":17}},"156":{"start":{"line":640,"column":20},"end":{"line":640,"column":70}},"157":{"start":{"line":645,"column":12},"end":{"line":679,"column":13}},"158":{"start":{"line":652,"column":16},"end":{"line":672,"column":17}},"159":{"start":{"line":662,"column":20},"end":{"line":664,"column":21}},"160":{"start":{"line":663,"column":24},"end":{"line":663,"column":33}},"161":{"start":{"line":666,"column":20},"end":{"line":666,"column":53}},"162":{"start":{"line":669,"column":20},"end":{"line":669,"column":53}},"163":{"start":{"line":670,"column":20},"end":{"line":670,"column":98}},"164":{"start":{"line":671,"column":20},"end":{"line":671,"column":29}},"165":{"start":{"line":676,"column":16},"end":{"line":678,"column":17}},"166":{"start":{"line":677,"column":20},"end":{"line":677,"column":80}},"167":{"start":{"line":702,"column":12},"end":{"line":702,"column":81}},"168":{"start":{"line":703,"column":12},"end":{"line":705,"column":13}},"169":{"start":{"line":704,"column":16},"end":{"line":704,"column":44}},"170":{"start":{"line":707,"column":12},"end":{"line":707,"column":83}},"171":{"start":{"line":716,"column":8},"end":{"line":738,"column":9}},"172":{"start":{"line":720,"column":12},"end":{"line":722,"column":13}},"173":{"start":{"line":721,"column":16},"end":{"line":721,"column":36}},"174":{"start":{"line":724,"column":12},"end":{"line":724,"column":51}},"175":{"start":{"line":727,"column":12},"end":{"line":729,"column":13}},"176":{"start":{"line":728,"column":16},"end":{"line":728,"column":23}},"177":{"start":{"line":732,"column":12},"end":{"line":735,"column":13}},"178":{"start":{"line":733,"column":16},"end":{"line":733,"column":41}},"179":{"start":{"line":734,"column":16},"end":{"line":734,"column":23}},"180":{"start":{"line":737,"column":12},"end":{"line":737,"column":61}},"181":{"start":{"line":748,"column":8},"end":{"line":751,"column":9}},"182":{"start":{"line":749,"column":12},"end":{"line":749,"column":38}},"183":{"start":{"line":750,"column":12},"end":{"line":750,"column":60}},"184":{"start":{"line":762,"column":8},"end":{"line":819,"column":9}},"185":{"start":{"line":766,"column":12},"end":{"line":766,"column":39}},"186":{"start":{"line":775,"column":12},"end":{"line":781,"column":13}},"187":{"start":{"line":776,"column":16},"end":{"line":780,"column":18}},"188":{"start":{"line":777,"column":20},"end":{"line":777,"column":53}},"189":{"start":{"line":778,"column":20},"end":{"line":778,"column":45}},"190":{"start":{"line":779,"column":20},"end":{"line":779,"column":42}},"191":{"start":{"line":790,"column":12},"end":{"line":803,"column":13}},"192":{"start":{"line":791,"column":16},"end":{"line":791,"column":50}},"193":{"start":{"line":796,"column":16},"end":{"line":798,"column":17}},"194":{"start":{"line":797,"column":20},"end":{"line":797,"column":62}},"195":{"start":{"line":802,"column":16},"end":{"line":802,"column":48}},"196":{"start":{"line":814,"column":12},"end":{"line":818,"column":13}},"197":{"start":{"line":815,"column":16},"end":{"line":815,"column":52}},"198":{"start":{"line":816,"column":16},"end":{"line":816,"column":129}},"199":{"start":{"line":817,"column":16},"end":{"line":817,"column":72}},"200":{"start":{"line":831,"column":8},"end":{"line":872,"column":9}},"201":{"start":{"line":834,"column":12},"end":{"line":834,"column":67}},"202":{"start":{"line":837,"column":12},"end":{"line":837,"column":59}},"203":{"start":{"line":839,"column":12},"end":{"line":839,"column":50}},"204":{"start":{"line":840,"column":12},"end":{"line":840,"column":21}},"205":{"start":{"line":844,"column":12},"end":{"line":847,"column":13}},"206":{"start":{"line":845,"column":16},"end":{"line":845,"column":71}},"207":{"start":{"line":846,"column":16},"end":{"line":846,"column":23}},"208":{"start":{"line":849,"column":12},"end":{"line":849,"column":52}},"209":{"start":{"line":853,"column":12},"end":{"line":853,"column":72}},"210":{"start":{"line":856,"column":12},"end":{"line":856,"column":105}},"211":{"start":{"line":864,"column":12},"end":{"line":871,"column":15}},"212":{"start":{"line":882,"column":8},"end":{"line":886,"column":10}},"213":{"start":{"line":883,"column":12},"end":{"line":885,"column":13}},"214":{"start":{"line":884,"column":16},"end":{"line":884,"column":63}},"215":{"start":{"line":889,"column":8},"end":{"line":889,"column":62}},"216":{"start":{"line":890,"column":8},"end":{"line":890,"column":61}},"217":{"start":{"line":891,"column":8},"end":{"line":891,"column":59}},"218":{"start":{"line":908,"column":4},"end":{"line":913,"column":6}},"219":{"start":{"line":909,"column":8},"end":{"line":909,"column":24}},"220":{"start":{"line":910,"column":8},"end":{"line":910,"column":53}},"221":{"start":{"line":911,"column":8},"end":{"line":911,"column":62}},"222":{"start":{"line":912,"column":8},"end":{"line":912,"column":20}},"223":{"start":{"line":932,"column":4},"end":{"line":935,"column":6}},"224":{"start":{"line":933,"column":8},"end":{"line":933,"column":24}},"225":{"start":{"line":934,"column":8},"end":{"line":934,"column":65}},"226":{"start":{"line":944,"column":4},"end":{"line":950,"column":6}},"227":{"start":{"line":945,"column":8},"end":{"line":945,"column":24}},"228":{"start":{"line":946,"column":8},"end":{"line":948,"column":9}},"229":{"start":{"line":947,"column":12},"end":{"line":947,"column":59}},"230":{"start":{"line":949,"column":8},"end":{"line":949,"column":20}},"231":{"start":{"line":959,"column":4},"end":{"line":964,"column":6}},"232":{"start":{"line":960,"column":8},"end":{"line":960,"column":24}},"233":{"start":{"line":961,"column":8},"end":{"line":961,"column":29}},"234":{"start":{"line":962,"column":8},"end":{"line":962,"column":29}},"235":{"start":{"line":963,"column":8},"end":{"line":963,"column":20}},"236":{"start":{"line":973,"column":4},"end":{"line":987,"column":6}},"237":{"start":{"line":974,"column":8},"end":{"line":974,"column":24}},"238":{"start":{"line":977,"column":8},"end":{"line":979,"column":9}},"239":{"start":{"line":978,"column":12},"end":{"line":978,"column":25}},"240":{"start":{"line":981,"column":8},"end":{"line":983,"column":9}},"241":{"start":{"line":982,"column":12},"end":{"line":982,"column":25}},"242":{"start":{"line":986,"column":8},"end":{"line":986,"column":135}},"243":{"start":{"line":992,"column":4},"end":{"line":995,"column":6}},"244":{"start":{"line":993,"column":8},"end":{"line":993,"column":24}},"245":{"start":{"line":994,"column":8},"end":{"line":994,"column":54}},"246":{"start":{"line":1000,"column":4},"end":{"line":1007,"column":6}},"247":{"start":{"line":1001,"column":8},"end":{"line":1005,"column":9}},"248":{"start":{"line":1002,"column":12},"end":{"line":1004,"column":13}},"249":{"start":{"line":1003,"column":16},"end":{"line":1003,"column":40}},"250":{"start":{"line":1006,"column":8},"end":{"line":1006,"column":28}},"251":{"start":{"line":1015,"column":4},"end":{"line":1026,"column":6}},"252":{"start":{"line":1016,"column":8},"end":{"line":1016,"column":52}},"253":{"start":{"line":1017,"column":8},"end":{"line":1025,"column":9}},"254":{"start":{"line":1018,"column":12},"end":{"line":1024,"column":13}},"255":{"start":{"line":1019,"column":16},"end":{"line":1023,"column":28}},"256":{"start":{"line":1020,"column":20},"end":{"line":1022,"column":22}},"257":{"start":{"line":1021,"column":24},"end":{"line":1021,"column":93}},"258":{"start":{"line":1028,"column":4},"end":{"line":1028,"column":21}},"259":{"start":{"line":1031,"column":4},"end":{"line":1031,"column":33}},"260":{"start":{"line":1034,"column":4},"end":{"line":1036,"column":5}},"261":{"start":{"line":1035,"column":8},"end":{"line":1035,"column":35}},"262":{"start":{"line":1039,"column":4},"end":{"line":1043,"column":5}},"263":{"start":{"line":1040,"column":8},"end":{"line":1042,"column":11}},"264":{"start":{"line":1041,"column":12},"end":{"line":1041,"column":29}}},"branchMap":{"1":{"line":26,"type":"if","locations":[{"start":{"line":26,"column":4},"end":{"line":26,"column":4}},{"start":{"line":26,"column":4},"end":{"line":26,"column":4}}]},"2":{"line":135,"type":"cond-expr","locations":[{"start":{"line":135,"column":65},"end":{"line":135,"column":71}},{"start":{"line":135,"column":74},"end":{"line":135,"column":80}}]},"3":{"line":177,"type":"if","locations":[{"start":{"line":177,"column":8},"end":{"line":177,"column":8}},{"start":{"line":177,"column":8},"end":{"line":177,"column":8}}]},"4":{"line":194,"type":"if","locations":[{"start":{"line":194,"column":8},"end":{"line":194,"column":8}},{"start":{"line":194,"column":8},"end":{"line":194,"column":8}}]},"5":{"line":206,"type":"if","locations":[{"start":{"line":206,"column":12},"end":{"line":206,"column":12}},{"start":{"line":206,"column":12},"end":{"line":206,"column":12}}]},"6":{"line":214,"type":"if","locations":[{"start":{"line":214,"column":8},"end":{"line":214,"column":8}},{"start":{"line":214,"column":8},"end":{"line":214,"column":8}}]},"7":{"line":218,"type":"if","locations":[{"start":{"line":218,"column":8},"end":{"line":218,"column":8}},{"start":{"line":218,"column":8},"end":{"line":218,"column":8}}]},"8":{"line":250,"type":"if","locations":[{"start":{"line":250,"column":8},"end":{"line":250,"column":8}},{"start":{"line":250,"column":8},"end":{"line":250,"column":8}}]},"9":{"line":254,"type":"if","locations":[{"start":{"line":254,"column":8},"end":{"line":254,"column":8}},{"start":{"line":254,"column":8},"end":{"line":254,"column":8}}]},"10":{"line":258,"type":"if","locations":[{"start":{"line":258,"column":8},"end":{"line":258,"column":8}},{"start":{"line":258,"column":8},"end":{"line":258,"column":8}}]},"11":{"line":262,"type":"if","locations":[{"start":{"line":262,"column":8},"end":{"line":262,"column":8}},{"start":{"line":262,"column":8},"end":{"line":262,"column":8}}]},"12":{"line":276,"type":"if","locations":[{"start":{"line":276,"column":8},"end":{"line":276,"column":8}},{"start":{"line":276,"column":8},"end":{"line":276,"column":8}}]},"13":{"line":291,"type":"if","locations":[{"start":{"line":291,"column":8},"end":{"line":291,"column":8}},{"start":{"line":291,"column":8},"end":{"line":291,"column":8}}]},"14":{"line":306,"type":"binary-expr","locations":[{"start":{"line":306,"column":15},"end":{"line":306,"column":29}},{"start":{"line":306,"column":33},"end":{"line":306,"column":46}},{"start":{"line":306,"column":50},"end":{"line":306,"column":62}},{"start":{"line":306,"column":66},"end":{"line":306,"column":79}}]},"15":{"line":316,"type":"if","locations":[{"start":{"line":316,"column":8},"end":{"line":316,"column":8}},{"start":{"line":316,"column":8},"end":{"line":316,"column":8}}]},"16":{"line":322,"type":"if","locations":[{"start":{"line":322,"column":16},"end":{"line":322,"column":16}},{"start":{"line":322,"column":16},"end":{"line":322,"column":16}}]},"17":{"line":322,"type":"binary-expr","locations":[{"start":{"line":322,"column":20},"end":{"line":322,"column":28}},{"start":{"line":322,"column":32},"end":{"line":322,"column":41}}]},"18":{"line":326,"type":"if","locations":[{"start":{"line":326,"column":16},"end":{"line":326,"column":16}},{"start":{"line":326,"column":16},"end":{"line":326,"column":16}}]},"19":{"line":345,"type":"if","locations":[{"start":{"line":345,"column":8},"end":{"line":345,"column":8}},{"start":{"line":345,"column":8},"end":{"line":345,"column":8}}]},"20":{"line":346,"type":"cond-expr","locations":[{"start":{"line":346,"column":45},"end":{"line":346,"column":54}},{"start":{"line":346,"column":57},"end":{"line":346,"column":67}}]},"21":{"line":351,"type":"if","locations":[{"start":{"line":351,"column":8},"end":{"line":351,"column":8}},{"start":{"line":351,"column":8},"end":{"line":351,"column":8}}]},"22":{"line":351,"type":"binary-expr","locations":[{"start":{"line":351,"column":12},"end":{"line":351,"column":32}},{"start":{"line":351,"column":36},"end":{"line":351,"column":52}}]},"23":{"line":365,"type":"if","locations":[{"start":{"line":365,"column":8},"end":{"line":365,"column":8}},{"start":{"line":365,"column":8},"end":{"line":365,"column":8}}]},"24":{"line":394,"type":"if","locations":[{"start":{"line":394,"column":12},"end":{"line":394,"column":12}},{"start":{"line":394,"column":12},"end":{"line":394,"column":12}}]},"25":{"line":401,"type":"if","locations":[{"start":{"l
[...]
","                    //","                    // @todo make deleting its own method?","                    var deleteCombo = !sequenceName && callback.combo == combination;","                    var deleteSequence = sequenceName && callback.seq == sequenceName && callback.level == level;","                    if (deleteCombo || deleteSequence) {","                        self._callbacks[character].splice(i, 1);","                    }","","                    matches.push(callback);","                }","            }","","            return matches;","        }","","        /**","         * actually calls the callback function","         *","         * if your callback function returns false this will use the jquery","         * convention - prevent default and stop propogation on the event","         *","         * @param {Function} callback","         * @param {Event} e","         * @returns void","         */","        function _fireCallback(callback, e, combo, sequence) {","","            // if this event should not happen stop here","            if (self.stopCallback(e, e.target || e.srcElement, combo, sequence)) {","                return;","            }","","            if (callback(e, combo) === false) {","                _preventDefault(e);","                _stopPropagation(e);","            }","        }","","        /**","         * handles a character key event","         *","         * @param {string} character","         * @param {Array} modifiers","         * @param {Event} e","         * @returns void","         */","        self._handleKey = function(character, modifiers, e) {","            var callbacks = _getMatches(character, modifiers, e);","            var i;","            var doNotReset = {};","            var maxLevel = 0;","            var processedSequenceCallback = false;","","            // Calculate the maxLevel for sequences so we can only execute the longest callback sequence","            for (i = 0; i < callbacks.length; ++i) {","                if (callbacks[i].seq) {","                    maxLevel = Math.max(maxLevel, callbacks[i].level);","                }","            }","","            // loop through matching callbacks for this key event","            for (i = 0; i < callbacks.length; ++i) {","","                // fire for all sequence callbacks","                // this is because if for example you have multiple sequences","                // bound such as \"g i\" and \"g t\" they both need to fire the","                // callback for matching g cause otherwise you can only ever","                // match the first one","                if (callbacks[i].seq) {","","                    // only fire callbacks for the maxLevel to prevent","                    // subsequences from also firing","                    //","                    // for example 'a option b' should not cause 'option b' to fire","                    // even though 'option b' is part of the other sequence","                    //","                    // any sequences that do not match here will be discarded","                    // below by the _resetSequences call","                    if (callbacks[i].level != maxLevel) {","                        continue;","                    }","","                    processedSequenceCallback = true;","","                    // keep a list of which sequences were matches for later","                    doNotReset[callbacks[i].seq] = 1;","                    _fireCallback(callbacks[i].callback, e, callbacks[i].combo, callbacks[i].seq);","                    continue;","                }","","                // if there were no sequence matches but we are still here","                // that means this is a regular match so we should fire that","                if (!processedSequenceCallback) {","                    _fireCallback(callbacks[i].callback, e, callbacks[i].combo);","                }","            }","","            // if the key you pressed matches the type of sequence without","            // being a modifier (ie \"keyup\" or \"keypress\") then we should","            // reset all sequences that were not matched by this event","            //","            // this is so, for example, if you have the sequence \"h a t\" and you","            // type \"h e a r t\" it does not match.  in this case the \"e\" will","            // cause the sequence to reset","            //","            // modifier keys are ignored because you can have a sequence","            // that contains modifiers such as \"enter ctrl+space\" and in most","            // cases the modifier key will be pressed before the next key","            //","            // also if you have a sequence such as \"ctrl+b a\" then pressing the","            // \"b\" key will trigger a \"keypress\" and a \"keydown\"","            //","            // the \"keydown\" is expected when there is a modifier, but the","            // \"keypress\" ends up matching the _nextExpectedAction since it occurs","            // after and that causes the sequence to reset","            //","            // we ignore keypresses in a sequence that directly follow a keydown","            // for the same character","            var ignoreThisKeypress = e.type == 'keypress' && _ignoreNextKeypress;","            if (e.type == _nextExpectedAction && !_isModifier(character) && !ignoreThisKeypress) {","                _resetSequences(doNotReset);","            }","","            _ignoreNextKeypress = processedSequenceCallback && e.type == 'keydown';","        };","","        /**","         * handles a keydown event","         *","         * @param {Event} e","         * @returns void","         */","        function _handleKeyEvent(e) {","","            // normalize e.which for key events","            // @see http://stackoverflow.com/questions/4285627/javascript-keycode-vs-charcode-utter-confusion","            if (typeof e.which !== 'number') {","                e.which = e.keyCode;","            }","","            var character = _characterFromEvent(e);","","            // no character found then stop","            if (!character) {","                return;","            }","","            // need to use === for the character check because the character can be 0","            if (e.type == 'keyup' && _ignoreNextKeyup === character) {","                _ignoreNextKeyup = false;","                return;","            }","","            self.handleKey(character, _eventModifiers(e), e);","        }","","        /**","         * called to set a 1 second timeout on the specified sequence","         *","         * this is so after each key press in the sequence you have 1 second","         * to press the next key before you have to start over","         *","         * @returns void","         */","        function _resetSequenceTimer() {","            clearTimeout(_resetTimer);","            _resetTimer = setTimeout(_resetSequences, 1000);","        }","","        /**","         * binds a key sequence to an event","         *","         * @param {string} combo - combo specified in bind call","         * @param {Array} keys","         * @param {Function} callback","         * @param {string=} action","         * @returns void","         */","        function _bindSequence(combo, keys, callback, action) {","","            // start off by adding a sequence level record for this combination","            // and setting the level to 0","            _sequenceLevels[combo] = 0;","","            /**","             * callback to increase the sequence level for this sequence and reset","             * all other sequences that were active","             *","             * @param {string} nextAction","             * @returns {Function}","             */","            function _increaseSequence(nextAction) {","                return function() {","                    _nextExpectedAction = nextAction;","                    ++_sequenceLevels[combo];","                    _resetSequenceTimer();","                };","            }","","            /**","             * wraps the specified callback inside of another function in order","             * to reset all sequence counters as soon as this sequence is done","             *","             * @param {Event} e","             * @returns void","             */","            function _callbackAndReset(e) {","                _fireCallback(callback, e, combo);","","                // we should ignore the next key up if the action is key down","                // or keypress.  this is so if you finish a sequence and","                // release the key the final key will not trigger a keyup","                if (action !== 'keyup') {","                    _ignoreNextKeyup = _characterFromEvent(e);","                }","","                // weird race condition if a sequence ends with the key","                // another sequence begins with","                setTimeout(_resetSequences, 10);","            }","","            // loop through keys one at a time and bind the appropriate callback","            // function.  for any key leading up to the final one it should","            // increase the sequence. after the final, it should reset all sequences","            //","            // if an action is specified in the original bind call then that will","            // be used throughout.  otherwise we will pass the action that the","            // next key in the sequence should match.  this allows a sequence","            // to mix and match keypress and keydown events depending on which","            // ones are better suited to the key provided","            for (var i = 0; i < keys.length; ++i) {","                var isFinal = i + 1 === keys.length;","                var wrappedCallback = isFinal ? _callbackAndReset : _increaseSequence(action || _getKeyInfo(keys[i + 1]).action);","                _bindSingle(keys[i], wrappedCallback, action, combo, i);","            }","        }","","        /**","         * binds a single keyboard combination","         *","         * @param {string} combination","         * @param {Function} callback","         * @param {string=} action","         * @param {string=} sequenceName - name of sequence if part of sequence","         * @param {number=} level - what part of the sequence the command is","         * @returns void","         */","        function _bindSingle(combination, callback, action, sequenceName, level) {","","            // store a direct mapped reference for use with Mousetrap.trigger","            self._directMap[combination + ':' + action] = callback;","","            // make sure multiple spaces in a row become a single space","            combination = combination.replace(/\\s+/g, ' ');","","            var sequence = combination.split(' ');","            var info;","","            // if this pattern is a sequence of keys then run through this method","            // to reprocess each pattern one key at a time","            if (sequence.length > 1) {","                _bindSequence(combination, sequence, callback, action);","                return;","            }","","            info = _getKeyInfo(combination, action);","","            // make sure to initialize array if this is the first time","            // a callback is added for this key","            self._callbacks[info.key] = self._callbacks[info.key] || [];","","            // remove an existing match if there is one","            _getMatches(info.key, info.modifiers, {type: info.action}, sequenceName, combination, level);","","            // add this call back to the array","            // if it is a sequence put it at the beginning","            // if not put it at the end","            //","            // this is important because the way these are processed expects","            // the sequence ones to come first","            self._callbacks[info.key][sequenceName ? 'unshift' : 'push']({","                callback: callback,","                modifiers: info.modifiers,","                action: info.action,","                seq: sequenceName,","                level: level,","                combo: combination","            });","        }","","        /**","         * binds multiple combinations to the same callback","         *","         * @param {Array} combinations","         * @param {Function} callback","         * @param {string|undefined} action","         * @returns void","         */","        self._bindMultiple = function(combinations, callback, action) {","            for (var i = 0; i < combinations.length; ++i) {","                _bindSingle(combinations[i], callback, action);","            }","        };","","        // start!","        _addEvent(targetElement, 'keypress', _handleKeyEvent);","        _addEvent(targetElement, 'keydown', _handleKeyEvent);","        _addEvent(targetElement, 'keyup', _handleKeyEvent);","    }","","    /**","     * binds an event to mousetrap","     *","     * can be a single key, a combination of keys separated with +,","     * an array of keys, or a sequence of keys separated by spaces","     *","     * be sure to list the modifier keys first to make sure that the","     * correct key ends up getting bound (the last key in the pattern)","     *","     * @param {string|Array} keys","     * @param {Function} callback","     * @param {string=} action - 'keypress', 'keydown', or 'keyup'","     * @returns void","     */","    Mousetrap.prototype.bind = function(keys, callback, action) {","        var self = this;","        keys = keys instanceof Array ? keys : [keys];","        self._bindMultiple.call(self, keys, callback, action);","        return self;","    };","","    /**","     * unbinds an event to mousetrap","     *","     * the unbinding sets the callback function of the specified key combo","     * to an empty function and deletes the corresponding key in the","     * _directMap dict.","     *","     * TODO: actually remove this from the _callbacks dictionary instead","     * of binding an empty function","     *","     * the keycombo+action has to be exactly the same as","     * it was defined in the bind method","     *","     * @param {string|Array} keys","     * @param {string} action","     * @returns void","     */","    Mousetrap.prototype.unbind = function(keys, action) {","        var self = this;","        return self.bind.call(self, keys, function() {}, action);","    };","","    /**","     * triggers an event that has already been bound","     *","     * @param {string} keys","     * @param {string=} action","     * @returns void","     */","    Mousetrap.prototype.trigger = function(keys, action) {","        var self = this;","        if (self._directMap[keys + ':' + action]) {","            self._directMap[keys + ':' + action]({}, keys);","        }","        return self;","    };","","    /**","     * resets the library back to its initial state.  this is useful","     * if you want to clear out the current keyboard shortcuts and bind","     * new ones - for example if you switch to another page","     *","     * @returns void","     */","    Mousetrap.prototype.reset = function() {","        var self = this;","        self._callbacks = {};","        self._directMap = {};","        return self;","    };","","    /**","     * should we stop this event before firing off callbacks","     *","     * @param {Event} e","     * @param {Element} element","     * @return {boolean}","     */","    Mousetrap.prototype.stopCallback = function(e, element) {","        var self = this;","","        // if the element has the class \"mousetrap\" then no need to stop","        if ((' ' + element.className + ' ').indexOf(' mousetrap ') > -1) {","            return false;","        }","","        if (_belongsTo(element, self.target)) {","            return false;","        }","","        // stop for input, select, and textarea","        return element.tagName == 'INPUT' || element.tagName == 'SELECT' || element.tagName == 'TEXTAREA' || element.isContentEditable;","    };","","    /**","     * exposes _handleKey publicly so it can be overwritten by extensions","     */","    Mousetrap.prototype.handleKey = function() {","        var self = this;","        return self._handleKey.apply(self, arguments);","    };","","    /**","     * allow custom key mappings","     */","    Mousetrap.addKeycodes = function(object) {","        for (var key in object) {","            if (object.hasOwnProperty(key)) {","                _MAP[key] = object[key];","            }","        }","        _REVERSE_MAP = null;","    };","","    /**","     * Init the global mousetrap functions","     *","     * This method is needed to allow the global mousetrap functions to work","     * now that mousetrap is a constructor function.","     */","    Mousetrap.init = function() {","        var documentMousetrap = Mousetrap(document);","        for (var method in documentMousetrap) {","            if (method.charAt(0) !== '_') {","                Mousetrap[method] = (function(method) {","                    return function() {","                        return documentMousetrap[method].apply(documentMousetrap, arguments);","                    };","                } (method));","            }","        }","    };","","    Mousetrap.init();","","    // expose mousetrap to the global object","    window.Mousetrap = Mousetrap;","","    // expose as a common js module","    if (typeof module !== 'undefined' && module.exports) {","        module.exports = Mousetrap;","    }","","    // expose mousetrap as an AMD module","    if (typeof define === 'function' && define.amd) {","        define(function() {","            return Mousetrap;","        });","    }","}) (typeof window !== 'undefined' ? window : null, typeof  window !== 'undefined' ? document : null);",""],"l":{"23":1,"26":1,"27":1,"39":0,"72":0,"101":0,"129":0,"145":0,"151":0,"152":0,"158":0,"165":0,"176":1,"177":0,"178":0,"179":0,"182":0,"191":1,"194":0,"195":0,"206":0,"207":0,"210":0,"214":0,"215":0,"218":0,"219":0,"227":0,"237":1,"238":0,"247":1,"248":0,"250":0,"251":0,"254":0,"255":0,"258":0,"259":0,"262":0,"263":0,"266":0,"275":1,"276":0,"277":0,"278":0,"281":0,"290":1,"291":0,"292":0,"293":0,"296":0,"305":1,"306":0,"315":1,"316":0,"317":0,"318":0,"322":0,"323":0,"326":0,"327":0,"331":0,"341":1,"345":0,"346":0,"351":0,"352":0,"355":0,"364":1,"365":0,"366":0,"369":0,"370":0,"380":1,"381":0,"382":0,"383":0,"384":0,"388":0,"390":0,"391":0,"394":0,"395":0,"401":0,"402":0,"403":0,"407":0,"408":0,"414":0,"416":0,"423":1,"424":0,"425":0,"428":0,"429":0,"432":0,"435":1,"436":0,"438":0,"440":0,"441":0,"449":0,"456":0,"463":0,"471":0,"478":0,"485":0,"492":0,"500":0,"508":1,"509":0,"511":0,"514":0,"515":0,"516":0,"517":0,"519":0,"522":0,"523":0,"539":1,"540":0,"541":0,"542":0,"543":0,"546":0,"547":0,"551":0,"552":0,"557":0,"558":0,"562":0,"563":0,"568":0,"569":0,"579":0,"586":0,"587":0,"588":0,"589":0,"592":0,"596":0,"609":1,"612":0,"613":0,"616":0,"617":0,"618":0,"630":0,"631":0,"632":0,"633":0,"634":0,"635":0,"638":0,"639":0,"640":0,"645":0,"652":0,"662":0,"663":0,"666":0,"669":0,"670":0,"671":0,"676":0,"677":0,"702":0,"703":0,"704":0,"707":0,"716":1,"720":0,"721":0,"724":0,"727":0,"728":0,"732":0,"733":0,"734":0,"737":0,"748":1,"749":0,"750":0,"762":1,"766":0,"775":1,"776":0,"777":0,"778":0,"779":0,"790":1,"791":0,"796":0,"797":0,"802":0,"814":0,"815":0,"816":0,"817":0,"831":1,"834":0,"837":0,"839":0,"840":0,"844":0,"845":0,"846":0,"849":0,"853":0,"856":0,"864":0,"882":0,"883":0,"884":0,"889":0,"890":0,"891":0,"908":0,"909":0,"910":0,"911":0,"912":0,"932":0,"933":0,"934":0,"944":0,"945":0,"946":0,"947":0,"949":0,"959":0,"960":0,"961":0,"962":0,"963":0,"973":0,"974":0,"977":0,"978":0,"981":0,"982":0,"986":0,"992":0,"993":0,"994":0,"1000":0,"1001":0,"1002":0,"1003":0,"1006":0,"1015":0,"1016":0,"1017":0,"1018":0,"1019":0,"1020":0,"1021":0,"1028":0,"1031":0,"1034":0,"1035":0,"1039":0,"1040":0,"1041":0}}}